/home/runner/simulations/TestJob01_temp_2/output-0000/TEST/sim/MemSpeed
Preparing:
+ set -e
+ cd output-0000-active
+ echo Checking:
Checking:
+ pwd
/home/runner/simulations/TestJob01_temp_2/output-0000/TEST/sim/MemSpeed/output-0000-active
+ hostname
fv-az371-755
+ date
Sun Jul 17 01:23:34 UTC 2022
+ echo Environment:
Environment:
+ export CACTUS_NUM_PROCS=2
+ CACTUS_NUM_PROCS=2
+ export CACTUS_NUM_THREADS=1
+ CACTUS_NUM_THREADS=1
+ export GMON_OUT_PREFIX=gmon.out
+ GMON_OUT_PREFIX=gmon.out
+ export OMP_NUM_THREADS=1
+ OMP_NUM_THREADS=1
+ env
+ sort
+ echo Starting:
Starting:
++ date +%s
+ export CACTUS_STARTTIME=1658021014
+ CACTUS_STARTTIME=1658021014
+ '[' 2 = 1 ']'
+ mpirun -np 2 /home/runner/simulations/TestJob01_temp_2/SIMFACTORY/exe/cactus_sim -L 3 /home/runner/simulations/TestJob01_temp_2/output-0000/arrangements/CactusUtils/MemSpeed/test/memspeed.par
INFO (Cactus): Increased logging level from 0 to 3
--------------------------------------------------------------------------------

       10                                  
  1   0101       ************************  
  01  1010 10      The Cactus Code V4.12.0    
 1010 1101 011      www.cactuscode.org     
  1001 100101    ************************  
    00010101                               
     100011     (c) Copyright The Authors  
      0100      GNU Licensed. No Warranty  
      0101                                 
--------------------------------------------------------------------------------

Cactus version:    4.12.0
Compile date:      Jul 17 2022 (00:51:48)
Run date:          Jul 17 2022 (01:23:35+0000)
Run host:          fv-az371-755.ipdn00qvwfrujbrcphh0gwusye.dx.internal.cloudapp.net (pid=106577)
Working directory: /home/runner/simulations/TestJob01_temp_2/output-0000/TEST/sim/MemSpeed
Executable:        /home/runner/simulations/TestJob01_temp_2/SIMFACTORY/exe/cactus_sim
Parameter file:    /home/runner/simulations/TestJob01_temp_2/output-0000/arrangements/CactusUtils/MemSpeed/test/memspeed.par
--------------------------------------------------------------------------------

Activating thorn Cactus...Success -> active implementation Cactus
Activation requested for 
--->hwloc MemSpeed SystemTopology CartGrid3D CoordBase IOASCII IOUtil PUGH PUGHSlab<---
Thorn hwloc requests automatic activation of zlib
Thorn MemSpeed requests automatic activation of Vectors
Thorn MemSpeed requests automatic activation of MPI
Activating thorn CartGrid3D...Success -> active implementation grid
Activating thorn CoordBase...Success -> active implementation CoordBase
Activating thorn hwloc...Success -> active implementation hwloc
Activating thorn IOASCII...Success -> active implementation IOASCII
Activating thorn IOUtil...Success -> active implementation IO
Activating thorn MemSpeed...Success -> active implementation MemSpeed
Activating thorn MPI...Success -> active implementation MPI
Activating thorn PUGH...Success -> active implementation Driver
Activating thorn PUGHSlab...Success -> active implementation Hyperslab
Activating thorn SystemTopology...Success -> active implementation SystemTopology
Activating thorn Vectors...Success -> active implementation Vectors
Activating thorn zlib...Success -> active implementation zlib
--------------------------------------------------------------------------------
  if (recover initial data)
    Recover parameters
  endif

  Startup routines
    [CCTK_STARTUP]
      CartGrid3D::SymmetryStartup: Register GH Extension for GridSymmetry
      CoordBase::CoordBase_Startup: Register a GH extension to store the coordinate system handles
      GROUP hwloc_startup: hwloc startup group
        hwloc::hwloc_version: Output hwloc version
      SystemTopology::ST_system_topology: Output and/or modify system topology and hardware locality
      PUGH::Driver_Startup: Startup routine
      PUGH::PUGH_RegisterPUGHP2LRoutines: Register Physical to Logical process mapping routines
      PUGH::PUGH_RegisterPUGHTopologyRoutines: Register topology generation routines routines
      IOUtil::IOUtil_Startup: Startup routine
      Vectors::Vectors_Startup: Print startup message
      IOASCII::IOASCII_Startup: Startup routine

  Startup routines which need an existing grid hierarchy
    [CCTK_WRAGH]
      CartGrid3D::RegisterCartGrid3DCoords: [meta] Register coordinates for the Cartesian grid
      MemSpeed::MemSpeed_MeasureSpeed: [meta] Measure CPU, memory, cache speeds
  Parameter checking routines
    [CCTK_PARAMCHECK]
      CartGrid3D::ParamCheck_CartGrid3D: Check coordinates for CartGrid3D
      Vectors::Vectors_Test: Run correctness tests.

  Initialisation
    if (NOT (recover initial data AND recovery_mode is 'strict'))
      [CCTK_PREREGRIDINITIAL]
      Set up grid hierarchy
      [CCTK_POSTREGRIDINITIAL]
        CartGrid3D::SpatialCoordinates: Set Coordinates after regridding
      [CCTK_BASEGRID]
        CartGrid3D::SpatialSpacings: Set up ranges for spatial 3D Cartesian coordinates (on all grids)
        CartGrid3D::SpatialCoordinates: Set up spatial 3D Cartesian coordinates on the GH
        IOASCII::IOASCII_Choose1D: Choose 1D output lines
        IOASCII::IOASCII_Choose2D: Choose 2D output planes
        PUGH::PUGH_Report: Report on PUGH set up
      [CCTK_INITIAL]
      [CCTK_POSTINITIAL]
      Initialise finer grids recursively
      Restrict from finer grids
      [CCTK_POSTRESTRICTINITIAL]
      [CCTK_POSTPOSTINITIAL]
      [CCTK_POSTSTEP]
    endif
    if (recover initial data)
      [CCTK_BASEGRID]
        CartGrid3D::SpatialSpacings: Set up ranges for spatial 3D Cartesian coordinates (on all grids)
        CartGrid3D::SpatialCoordinates: Set up spatial 3D Cartesian coordinates on the GH
        IOASCII::IOASCII_Choose1D: Choose 1D output lines
        IOASCII::IOASCII_Choose2D: Choose 2D output planes
        PUGH::PUGH_Report: Report on PUGH set up
      [CCTK_RECOVER_VARIABLES]
      [CCTK_POST_RECOVER_VARIABLES]
    endif
    if (checkpoint initial data)
      [CCTK_CPINITIAL]
    endif
    if (analysis)
      [CCTK_ANALYSIS]
  endif
  Output grid variables

  do loop over timesteps
    [CCTK_PREREGRID]
    Change grid hierarchy
    [CCTK_POSTREGRID]
      CartGrid3D::SpatialCoordinates: Set Coordinates after regridding
    Rotate timelevels
    iteration = iteration+1
    t = t+dt
    [CCTK_PRESTEP]
    [CCTK_EVOL]
    Evolve finer grids recursively
    Restrict from finer grids
    [CCTK_POSTRESTRICT]
    [CCTK_POSTSTEP]
    if (checkpoint)
      [CCTK_CHECKPOINT]
    endif
    if (analysis)
      [CCTK_ANALYSIS]
    endif
    Output grid variables
    enddo

  Termination routines
    [CCTK_TERMINATE]
      PUGH::Driver_Terminate: Termination routine

  Shutdown routines
    [CCTK_SHUTDOWN]

  Routines run after changing the grid hierarchy:
    [CCTK_POSTREGRID]
      CartGrid3D::SpatialCoordinates: Set Coordinates after regridding
--------------------------------------------------------------------------------
INFO (hwloc): library version 2.1.0, API version 0x20100
INFO (SystemTopology): MPI process-to-host mapping:
This is MPI process 0 of 2
MPI hosts:
  0: fv-az371-755
This MPI process runs on host 0 of 1
On this host, this is MPI process 0 of 2
INFO (SystemTopology): Topology support:
Discovery support:
  discovery->pu                            : yes
CPU binding support:
  cpubind->set_thisproc_cpubind            : yes
  cpubind->get_thisproc_cpubind            : yes
  cpubind->set_proc_cpubind                : yes
  cpubind->get_proc_cpubind                : yes
  cpubind->set_thisthread_cpubind          : yes
  cpubind->get_thisthread_cpubind          : yes
  cpubind->set_thread_cpubind              : yes
  cpubind->get_thread_cpubind              : yes
  cpubind->get_thisproc_last_cpu_location  : yes
  cpubind->get_proc_last_cpu_location      : yes
  cpubind->get_thisthread_last_cpu_location: yes
Memory binding support:
  membind->set_thisproc_membind            : no
  membind->get_thisproc_membind            : no
  membind->set_proc_membind                : no
  membind->get_proc_membind                : no
  membind->set_thisthread_membind          : yes
  membind->get_thisthread_membind          : yes
  membind->set_area_membind                : yes
  membind->get_area_membind                : yes
  membind->alloc_membind                   : yes
  membind->firsttouch_membind              : yes
  membind->bind_membind                    : yes
  membind->interleave_membind              : yes
  membind->nexttouch_membind               : no
  membind->migrate_membind                 : yes
INFO (SystemTopology): Hardware objects in this node:
Machine L#0: (P#0, total=7113128KB, DMIProductName="Virtual Machine", DMIProductVersion=7.0, DMIProductUUID=ac7e75de-2fbc-574a-b417-2f79056b9266, DMIBoardVendor="Microsoft Corporation", DMIBoardName="Virtual Machine", DMIBoardVersion=7.0, DMIChassisVendor="Microsoft Corporation", DMIChassisType=3, DMIChassisVersion=7.0, DMIChassisAssetTag=7783-7084-3265-9085-8269-3286-77, DMIBIOSVendor="American Megatrends Inc.", DMIBIOSVersion="090008 ", DMIBIOSDate=12/07/2018, DMISysVendor="Microsoft Corporation", Backend=Linux, LinuxCgroup=/, OSName=Linux, OSRelease=5.13.0-1031-azure, OSVersion="#37~20.04.1-Ubuntu SMP Mon Jun 13 22:51:01 UTC 2022", HostName=fv-az371-755, Architecture=x86_64, hwlocVersion=2.1.0, ProcessName=cactus_sim)
  Package L#0: (P#0, total=7113128KB, CPUVendor=GenuineIntel, CPUFamilyNumber=6, CPUModelNumber=63, CPUModel="Intel(R) Xeon(R) CPU E5-2673 v3 @ 2.40GHz", CPUStepping=2)
    L3Cache L#0: (P#-1, size=30720KB, linesize=64, ways=20, Inclusive=1)
      L2Cache L#0: (P#-1, size=256KB, linesize=64, ways=8, Inclusive=0)
        L1dCache L#0: (P#-1, size=32KB, linesize=64, ways=8, Inclusive=0)
          Core L#0: (P#0)
            PU L#0: (P#0)
      L2Cache L#1: (P#-1, size=256KB, linesize=64, ways=8, Inclusive=0)
        L1dCache L#1: (P#-1, size=32KB, linesize=64, ways=8, Inclusive=0)
          Core L#1: (P#1)
            PU L#1: (P#1)
INFO (SystemTopology): Thread CPU bindings:
  MPI process 0 on host 0 (process 0 of 2 on this host)
    OpenMP thread 0: PU set L#{0} P#{0}
  MPI process 1 on host 0 (process 1 of 2 on this host)
    OpenMP thread 0: PU set L#{1} P#{1}
INFO (SystemTopology): Setting thread CPU bindings:
INFO (SystemTopology): Thread CPU bindings:
  MPI process 0 on host 0 (process 0 of 2 on this host)
    OpenMP thread 0: PU set L#{0} P#{0}
  MPI process 1 on host 0 (process 1 of 2 on this host)
    OpenMP thread 0: PU set L#{1} P#{1}
INFO (SystemTopology): Extracting CPU/cache/memory properties:
  There are 1 PUs per core (aka hardware SMT threads)
  There are 1 threads per core (aka SMT threads used)
  Cache (unknown name) has type "data" depth 1
    size 32768 linesize 64 associativity 8 stride 4096, for 1 PUs
  Cache (unknown name) has type "unified" depth 2
    size 262144 linesize 64 associativity 8 stride 32768, for 1 PUs
  Cache (unknown name) has type "unified" depth 3
    size 31457280 linesize 64 associativity 20 stride 1572864, for 2 PUs
INFO (PUGH): Using physical to logical mappings: direct
INFO (PUGH): Using topology generator: automatic
INFO (Vectors): Using vector size 2 for architecture SSE2 (64-bit precision)
--------------------------------------------------------------------------------
Driver provided by PUGH
--------------------------------------------------------------------------------

INFO (PUGH): Not setting up a topology for 1 dimensions
INFO (PUGH): Not setting up a topology for 2 dimensions
INFO (PUGH): Setting up a topology for 3 dimensions
INFO (IOASCII): I/O Method 'IOASCII_1D' registered: output of 1D lines of grid functions/arrays to ASCII files
INFO (IOASCII): Periodic 1D output every 1 iterations
INFO (IOASCII): Periodic 1D output requested for 'GRID::r'
INFO (IOASCII): I/O Method 'IOASCII_2D' registered: output of 2D planes of grid functions/arrays to ASCII files
INFO (IOASCII): Periodic 2D output turned off
INFO (IOASCII): I/O Method 'IOASCII_3D' registered: output of 3D grid functions/arrays to ASCII files
INFO (IOASCII): Periodic 3D output turned off
INFO (MemSpeed): Measuring CPU, cache, memory, and communication speeds:
  Single-core measurements (using 1 MPI processes with 1 OpenMP threads each):
    CPU frequency:
      iterations=1000000... time=0.00302191 sec
      iterations=10000000... time=0.030479 sec
      iterations=100000000... time=0.303355 sec
      iterations=400000000... time=1.24227 sec
      iterations=400000000... time=0.925516 sec
      result: 2.52562 GHz
    CPU floating point performance:
      iterations=1000000... time=0.00322391 sec
      iterations=10000000... time=0.0334839 sec
      iterations=100000000... time=0.348767 sec
      iterations=300000000... time=1.00709 sec
      result: 9.53244 Gflop/sec
    CPU integer performance:
      iterations=1000000... time=0.00213491 sec
      iterations=10000000... time=0.0204 sec
      iterations=100000000... time=0.20722 sec
      iterations=500000000... time=1.0785 sec
      result: 7.41773 Giop/sec
    Read latency of D1 cache (for 1 PUs) (using 1*24576 bytes):
      iterations=1000... time=0.000144501 sec
      iterations=10000... time=0.00151211 sec
      iterations=100000... time=0.016001 sec
      iterations=1000000... time=0.153704 sec
      iterations=7000000... time=1.08802 sec
      result: 1.55432 nsec
    Read latency of L2 cache (for 1 PUs) (using 1*196608 bytes):
      iterations=1000... time=0.000488602 sec
      iterations=10000... time=0.00467432 sec
      iterations=100000... time=0.0482575 sec
      iterations=1000000... time=0.488608 sec
      iterations=2000000... time=0.955871 sec
      iterations=4000000... time=1.94873 sec
      result: 4.87182 nsec
    Read latency of L3 cache (for 2 PUs) (using 1*23592960 bytes):
      [skipped -- avoiding large-memory benchmarks]
    Read bandwidth of D1 cache (for 1 PUs) (using 1*24576 bytes):
      iterations=1... time=9e-07 sec
      iterations=10... time=3.7e-06 sec
      iterations=100... time=3.02e-05 sec
      iterations=1000... time=0.000295101 sec
      iterations=10000... time=0.00299841 sec
      iterations=100000... time=0.0301002 sec
      iterations=1000000... time=0.306495 sec
      iterations=4000000... time=1.22911 sec
      result: 79.9799 GByte/sec
    Read bandwidth of L2 cache (for 1 PUs) (using 1*196608 bytes):
      iterations=1... time=7.8e-06 sec
      iterations=10... time=5.12e-05 sec
      iterations=100... time=0.000524203 sec
      iterations=1000... time=0.00512252 sec
      iterations=10000... time=0.051256 sec
      iterations=100000... time=0.524251 sec
      iterations=200000... time=1.03622 sec
      result: 37.947 GByte/sec
    Read bandwidth of L3 cache (for 2 PUs) (using 1*23592960 bytes):
      [skipped -- avoiding large-memory benchmarks]
    Write latency of D1 cache (for 1 PUs) (using 1*24576 bytes):
      iterations=1000... time=3.9e-06 sec
      iterations=10000... time=3.05e-05 sec
      iterations=100000... time=0.000297802 sec
      iterations=1000000... time=0.00299612 sec
      iterations=10000000... time=0.0321725 sec
      iterations=100000000... time=0.307406 sec
      iterations=400000000... time=1.23145 sec
      result: 0.384827 nsec
    Write latency of L2 cache (for 1 PUs) (using 1*196608 bytes):
      iterations=1000... time=2.4401e-05 sec
      iterations=10000... time=0.000245802 sec
      iterations=100000... time=0.00244762 sec
      iterations=1000000... time=0.0242805 sec
      iterations=10000000... time=0.245784 sec
      iterations=40000000... time=0.986321 sec
      iterations=80000000... time=1.99771 sec
      result: 3.12142 nsec
    Write latency of L3 cache (for 2 PUs) (using 1*23592960 bytes):
      [skipped -- avoiding large-memory benchmarks]
    Write bandwidth of D1 cache (for 1 PUs) (using 1*24576 bytes):
      iterations=1... time=1.2e-06 sec
      iterations=10... time=6.2e-06 sec
      iterations=100... time=5.7401e-05 sec
      iterations=1000... time=0.000598505 sec
      iterations=10000... time=0.00608654 sec
      iterations=100000... time=0.0610418 sec
      iterations=1000000... time=0.612913 sec
      iterations=2000000... time=1.23857 sec
      result: 39.6843 GByte/sec
    Write bandwidth of L2 cache (for 1 PUs) (using 1*196608 bytes):
      iterations=1... time=8.7e-06 sec
      iterations=10... time=8.0101e-05 sec
      iterations=100... time=0.00101671 sec
      iterations=1000... time=0.00895047 sec
      iterations=10000... time=0.0847519 sec
      iterations=100000... time=0.859461 sec
      iterations=200000... time=1.70275 sec
      result: 23.0929 GByte/sec
    Write bandwidth of L3 cache (for 2 PUs) (using 1*23592960 bytes):
      [skipped -- avoiding large-memory benchmarks]
    Stencil code performance of D1 cache (for 1 PUs) (using 1*12^3 grid points, 1*27648 bytes):
      iterations=1... time=2.69e-05 sec
      iterations=10... time=0.000208601 sec
      iterations=100... time=0.00207241 sec
      iterations=1000... time=0.0207088 sec
      iterations=10000... time=0.205473 sec
      iterations=50000... time=1.01779 sec
      result: 0.0848901 Gupdates/sec
    Stencil code performance of L2 cache (for 1 PUs) (using 1*23^3 grid points, 1*194672 bytes):
      iterations=1... time=0.0001149 sec
      iterations=10... time=0.000717902 sec
      iterations=100... time=0.00781922 sec
      iterations=1000... time=0.0797676 sec
      iterations=10000... time=0.771153 sec
      iterations=20000... time=1.48648 sec
      result: 0.163702 Gupdates/sec
    Stencil code performance of L3 cache (for 2 PUs) (using 1*114^3 grid points, 1*23704704 bytes):
      iterations=1... time=0.00396701 sec
      iterations=10... time=0.0412366 sec
      iterations=100... time=0.402564 sec
      iterations=300... time=1.20926 sec
      result: 0.367549 Gupdates/sec
  Single-node measurements (using 2 MPI processes with 1 OpenMP threads each):
    CPU frequency:
      iterations=1000000... time=0.00305321 sec
      iterations=10000000... time=0.0302912 sec
      iterations=100000000... time=0.313046 sec
      iterations=400000000... time=1.22976 sec
      iterations=400000000... time=0.931308 sec
      result: 2.68046 GHz
    CPU floating point performance:
      iterations=1000000... time=0.00331736 sec
      iterations=10000000... time=0.03318 sec
      iterations=100000000... time=0.335439 sec
      iterations=300000000... time=1.0039 sec
      result: 9.5627 Gflop/sec
    CPU integer performance:
      iterations=1000000... time=0.00203551 sec
      iterations=10000000... time=0.0206916 sec
      iterations=100000000... time=0.211092 sec
      iterations=500000000... time=1.03888 sec
      result: 7.70062 Giop/sec
    Read latency of D1 cache (for 1 PUs) (using 2*24576 bytes):
      iterations=1000... time=0.000139351 sec
      iterations=10000... time=0.00149951 sec
      iterations=100000... time=0.0151278 sec
      iterations=1000000... time=0.154664 sec
      iterations=7000000... time=1.07618 sec
      result: 1.5374 nsec
    Read latency of L2 cache (for 1 PUs) (using 2*196608 bytes):
      iterations=1000... time=0.000448652 sec
      iterations=10000... time=0.00491972 sec
      iterations=100000... time=0.0487019 sec
      iterations=1000000... time=0.496621 sec
      iterations=2000000... time=1.27863 sec
      result: 6.39313 nsec
    Read latency of L3 cache (for 2 PUs) (using 2*23592960 bytes):
      [skipped -- too much memory requested]
    Read bandwidth of D1 cache (for 1 PUs) (using 2*24576 bytes):
      iterations=1... time=7.5e-07 sec
      iterations=10... time=3.9e-06 sec
      iterations=100... time=3.01e-05 sec
      iterations=1000... time=0.000295451 sec
      iterations=10000... time=0.00740723 sec
      iterations=100000... time=0.0409841 sec
      iterations=1000000... time=0.39903 sec
      iterations=3000000... time=1.21186 sec
      result: 60.8389 GByte/sec
    Read bandwidth of L2 cache (for 1 PUs) (using 2*196608 bytes):
      iterations=1... time=7.3e-06 sec
      iterations=10... time=5.3251e-05 sec
      iterations=100... time=0.000513954 sec
      iterations=1000... time=0.00927126 sec
      iterations=10000... time=0.0763425 sec
      iterations=100000... time=0.708446 sec
      iterations=200000... time=1.45141 sec
      result: 27.092 GByte/sec
    Read bandwidth of L3 cache (for 2 PUs) (using 2*23592960 bytes):
      [skipped -- too much memory requested]
    Write latency of D1 cache (for 1 PUs) (using 2*24576 bytes):
      iterations=1000... time=4.1e-06 sec
      iterations=10000... time=3.0501e-05 sec
      iterations=100000... time=0.000297752 sec
      iterations=1000000... time=0.00699684 sec
      iterations=10000000... time=0.0464153 sec
      iterations=100000000... time=0.443953 sec
      iterations=200000000... time=0.840531 sec
      iterations=400000000... time=1.65578 sec
      result: 0.51743 nsec
    Write latency of L2 cache (for 1 PUs) (using 2*196608 bytes):
      iterations=1000... time=2.17e-05 sec
      iterations=10000... time=0.000198101 sec
      iterations=100000... time=0.00218511 sec
      iterations=1000000... time=0.0333151 sec
      iterations=10000000... time=0.275657 sec
      iterations=40000000... time=1.16822 sec
      result: 3.65069 nsec
    Write latency of L3 cache (for 2 PUs) (using 2*23592960 bytes):
      [skipped -- too much memory requested]
    Write bandwidth of D1 cache (for 1 PUs) (using 2*24576 bytes):
      iterations=1... time=9.5e-07 sec
      iterations=10... time=5.05e-06 sec
      iterations=100... time=4.48505e-05 sec
      iterations=1000... time=0.000443804 sec
      iterations=10000... time=0.00624601 sec
      iterations=100000... time=0.0736192 sec
      iterations=1000000... time=0.60679 sec
      iterations=2000000... time=1.22616 sec
      result: 40.0861 GByte/sec
    Write bandwidth of L2 cache (for 1 PUs) (using 2*196608 bytes):
      iterations=1... time=8.15e-06 sec
      iterations=10... time=8.2151e-05 sec
      iterations=100... time=0.000951909 sec
      iterations=1000... time=0.0115349 sec
      iterations=10000... time=0.129256 sec
      iterations=90000... time=1.04269 sec
      result: 16.9703 GByte/sec
    Write bandwidth of L3 cache (for 2 PUs) (using 2*23592960 bytes):
      [skipped -- too much memory requested]
    Stencil code performance of D1 cache (for 1 PUs) (using 2*9^3 grid points, 2*11664 bytes):
      iterations=1... time=7.75e-06 sec
      iterations=10... time=7.285e-05 sec
      iterations=100... time=0.000791308 sec
      iterations=1000... time=0.00778452 sec
      iterations=10000... time=0.109965 sec
      iterations=100000... time=1.0453 sec
      result: 0.0697406 Gupdates/sec
    Stencil code performance of L2 cache (for 1 PUs) (using 2*18^3 grid points, 2*93312 bytes):
      iterations=1... time=4.2151e-05 sec
      iterations=10... time=0.000410154 sec
      iterations=100... time=0.00420479 sec
      iterations=1000... time=0.064094 sec
      iterations=10000... time=0.585613 sec
      iterations=20000... time=1.17958 sec
      result: 0.0988828 Gupdates/sec
    Stencil code performance of L3 cache (for 2 PUs) (using 1*114^3 grid points, 1*23704704 bytes):
      [skipped -- too many MPI processes]
  Single-node measurements:
    MPI latency: 56550.5 nsec
    MPI bandwidth: 3.89685 GByte/sec
INFO (Vectors): Testing vectorisation... [errors may result in segfaults]
INFO (Vectors): 375/375 tests passed 
INFO (CartGrid3D): Grid Spacings:
INFO (CartGrid3D): dx=>1.1111111e-01  dy=>1.1111111e-01  dz=>1.1111111e-01
INFO (CartGrid3D): Computational Coordinates:
INFO (CartGrid3D): x=>[-0.500, 0.500]  y=>[-0.500, 0.500]  z=>[-0.500, 0.500]
INFO (CartGrid3D): Indices of Physical Coordinates:
INFO (CartGrid3D): x=>[0,9]  y=>[0,9]  z=>[0,9]
INFO (PUGH): MPI Evolution on 2 processors
INFO (PUGH): 3-dimensional grid functions
INFO (PUGH):   Size: 10 10 10
INFO (PUGH):   Processor topology: 2 x 1 x 1
INFO (PUGH):   Local load: 600   [6 x 10 x 10]
INFO (PUGH):   Maximum load skew: 0.000000
--------------------------------------------------------------------------------
Done.
+ echo Stopping:
Stopping:
+ date
Sun Jul 17 01:24:27 UTC 2022
+ echo Done.
Done.
  Elapsed time: 52.8 s
