/home/runner/simulations/TestJob01_temp_2/output-0000/TEST/sim/MemSpeed
Preparing:
+ set -e
+ cd output-0000-active
+ echo Checking:
Checking:
+ pwd
/home/runner/simulations/TestJob01_temp_2/output-0000/TEST/sim/MemSpeed/output-0000-active
+ hostname
fv-az397-374
+ date
Sat Jul 16 22:18:00 UTC 2022
+ echo Environment:
Environment:
+ export CACTUS_NUM_PROCS=2
+ CACTUS_NUM_PROCS=2
+ export CACTUS_NUM_THREADS=1
+ CACTUS_NUM_THREADS=1
+ export GMON_OUT_PREFIX=gmon.out
+ GMON_OUT_PREFIX=gmon.out
+ export OMP_NUM_THREADS=1
+ OMP_NUM_THREADS=1
+ env
+ sort
+ echo Starting:
Starting:
++ date +%s
+ export CACTUS_STARTTIME=1658009880
+ CACTUS_STARTTIME=1658009880
+ '[' 2 = 1 ']'
+ mpirun -np 2 /home/runner/simulations/TestJob01_temp_2/SIMFACTORY/exe/cactus_sim -L 3 /home/runner/simulations/TestJob01_temp_2/output-0000/arrangements/CactusUtils/MemSpeed/test/memspeed.par
INFO (Cactus): Increased logging level from 0 to 3
--------------------------------------------------------------------------------

       10                                  
  1   0101       ************************  
  01  1010 10      The Cactus Code V4.12.0    
 1010 1101 011      www.cactuscode.org     
  1001 100101    ************************  
    00010101                               
     100011     (c) Copyright The Authors  
      0100      GNU Licensed. No Warranty  
      0101                                 
--------------------------------------------------------------------------------

Cactus version:    4.12.0
Compile date:      Jul 16 2022 (21:49:22)
Run date:          Jul 16 2022 (22:18:01+0000)
Run host:          fv-az397-374.digkgshymtuujfwfpq2czj2vug.jx.internal.cloudapp.net (pid=106612)
Working directory: /home/runner/simulations/TestJob01_temp_2/output-0000/TEST/sim/MemSpeed
Executable:        /home/runner/simulations/TestJob01_temp_2/SIMFACTORY/exe/cactus_sim
Parameter file:    /home/runner/simulations/TestJob01_temp_2/output-0000/arrangements/CactusUtils/MemSpeed/test/memspeed.par
--------------------------------------------------------------------------------

Activating thorn Cactus...Success -> active implementation Cactus
Activation requested for 
--->hwloc MemSpeed SystemTopology CartGrid3D CoordBase IOASCII IOUtil PUGH PUGHSlab<---
Thorn hwloc requests automatic activation of zlib
Thorn MemSpeed requests automatic activation of Vectors
Thorn MemSpeed requests automatic activation of MPI
Activating thorn CartGrid3D...Success -> active implementation grid
Activating thorn CoordBase...Success -> active implementation CoordBase
Activating thorn hwloc...Success -> active implementation hwloc
Activating thorn IOASCII...Success -> active implementation IOASCII
Activating thorn IOUtil...Success -> active implementation IO
Activating thorn MemSpeed...Success -> active implementation MemSpeed
Activating thorn MPI...Success -> active implementation MPI
Activating thorn PUGH...Success -> active implementation Driver
Activating thorn PUGHSlab...Success -> active implementation Hyperslab
Activating thorn SystemTopology...Success -> active implementation SystemTopology
Activating thorn Vectors...Success -> active implementation Vectors
Activating thorn zlib...Success -> active implementation zlib
--------------------------------------------------------------------------------
  if (recover initial data)
    Recover parameters
  endif

  Startup routines
    [CCTK_STARTUP]
      CartGrid3D::SymmetryStartup: Register GH Extension for GridSymmetry
      CoordBase::CoordBase_Startup: Register a GH extension to store the coordinate system handles
      GROUP hwloc_startup: hwloc startup group
        hwloc::hwloc_version: Output hwloc version
      SystemTopology::ST_system_topology: Output and/or modify system topology and hardware locality
      PUGH::Driver_Startup: Startup routine
      PUGH::PUGH_RegisterPUGHP2LRoutines: Register Physical to Logical process mapping routines
      PUGH::PUGH_RegisterPUGHTopologyRoutines: Register topology generation routines routines
      IOUtil::IOUtil_Startup: Startup routine
      Vectors::Vectors_Startup: Print startup message
      IOASCII::IOASCII_Startup: Startup routine

  Startup routines which need an existing grid hierarchy
    [CCTK_WRAGH]
      CartGrid3D::RegisterCartGrid3DCoords: [meta] Register coordinates for the Cartesian grid
      MemSpeed::MemSpeed_MeasureSpeed: [meta] Measure CPU, memory, cache speeds
  Parameter checking routines
    [CCTK_PARAMCHECK]
      CartGrid3D::ParamCheck_CartGrid3D: Check coordinates for CartGrid3D
      Vectors::Vectors_Test: Run correctness tests.

  Initialisation
    if (NOT (recover initial data AND recovery_mode is 'strict'))
      [CCTK_PREREGRIDINITIAL]
      Set up grid hierarchy
      [CCTK_POSTREGRIDINITIAL]
        CartGrid3D::SpatialCoordinates: Set Coordinates after regridding
      [CCTK_BASEGRID]
        CartGrid3D::SpatialSpacings: Set up ranges for spatial 3D Cartesian coordinates (on all grids)
        CartGrid3D::SpatialCoordinates: Set up spatial 3D Cartesian coordinates on the GH
        IOASCII::IOASCII_Choose1D: Choose 1D output lines
        IOASCII::IOASCII_Choose2D: Choose 2D output planes
        PUGH::PUGH_Report: Report on PUGH set up
      [CCTK_INITIAL]
      [CCTK_POSTINITIAL]
      Initialise finer grids recursively
      Restrict from finer grids
      [CCTK_POSTRESTRICTINITIAL]
      [CCTK_POSTPOSTINITIAL]
      [CCTK_POSTSTEP]
    endif
    if (recover initial data)
      [CCTK_BASEGRID]
        CartGrid3D::SpatialSpacings: Set up ranges for spatial 3D Cartesian coordinates (on all grids)
        CartGrid3D::SpatialCoordinates: Set up spatial 3D Cartesian coordinates on the GH
        IOASCII::IOASCII_Choose1D: Choose 1D output lines
        IOASCII::IOASCII_Choose2D: Choose 2D output planes
        PUGH::PUGH_Report: Report on PUGH set up
      [CCTK_RECOVER_VARIABLES]
      [CCTK_POST_RECOVER_VARIABLES]
    endif
    if (checkpoint initial data)
      [CCTK_CPINITIAL]
    endif
    if (analysis)
      [CCTK_ANALYSIS]
  endif
  Output grid variables

  do loop over timesteps
    [CCTK_PREREGRID]
    Change grid hierarchy
    [CCTK_POSTREGRID]
      CartGrid3D::SpatialCoordinates: Set Coordinates after regridding
    Rotate timelevels
    iteration = iteration+1
    t = t+dt
    [CCTK_PRESTEP]
    [CCTK_EVOL]
    Evolve finer grids recursively
    Restrict from finer grids
    [CCTK_POSTRESTRICT]
    [CCTK_POSTSTEP]
    if (checkpoint)
      [CCTK_CHECKPOINT]
    endif
    if (analysis)
      [CCTK_ANALYSIS]
    endif
    Output grid variables
    enddo

  Termination routines
    [CCTK_TERMINATE]
      PUGH::Driver_Terminate: Termination routine

  Shutdown routines
    [CCTK_SHUTDOWN]

  Routines run after changing the grid hierarchy:
    [CCTK_POSTREGRID]
      CartGrid3D::SpatialCoordinates: Set Coordinates after regridding
--------------------------------------------------------------------------------
INFO (hwloc): library version 2.1.0, API version 0x20100
INFO (SystemTopology): MPI process-to-host mapping:
This is MPI process 0 of 2
MPI hosts:
  0: fv-az397-374
This MPI process runs on host 0 of 1
On this host, this is MPI process 0 of 2
INFO (SystemTopology): Topology support:
Discovery support:
  discovery->pu                            : yes
CPU binding support:
  cpubind->set_thisproc_cpubind            : yes
  cpubind->get_thisproc_cpubind            : yes
  cpubind->set_proc_cpubind                : yes
  cpubind->get_proc_cpubind                : yes
  cpubind->set_thisthread_cpubind          : yes
  cpubind->get_thisthread_cpubind          : yes
  cpubind->set_thread_cpubind              : yes
  cpubind->get_thread_cpubind              : yes
  cpubind->get_thisproc_last_cpu_location  : yes
  cpubind->get_proc_last_cpu_location      : yes
  cpubind->get_thisthread_last_cpu_location: yes
Memory binding support:
  membind->set_thisproc_membind            : no
  membind->get_thisproc_membind            : no
  membind->set_proc_membind                : no
  membind->get_proc_membind                : no
  membind->set_thisthread_membind          : yes
  membind->get_thisthread_membind          : yes
  membind->set_area_membind                : yes
  membind->get_area_membind                : yes
  membind->alloc_membind                   : yes
  membind->firsttouch_membind              : yes
  membind->bind_membind                    : yes
  membind->interleave_membind              : yes
  membind->nexttouch_membind               : no
  membind->migrate_membind                 : yes
INFO (SystemTopology): Hardware objects in this node:
Machine L#0: (P#0, total=7113128KB, DMIProductName="Virtual Machine", DMIProductVersion=7.0, DMIProductUUID=1a753263-4bb7-1145-871e-9624ca03f6e8, DMIBoardVendor="Microsoft Corporation", DMIBoardName="Virtual Machine", DMIBoardVersion=7.0, DMIChassisVendor="Microsoft Corporation", DMIChassisType=3, DMIChassisVersion=7.0, DMIChassisAssetTag=7783-7084-3265-9085-8269-3286-77, DMIBIOSVendor="American Megatrends Inc.", DMIBIOSVersion="090008 ", DMIBIOSDate=12/07/2018, DMISysVendor="Microsoft Corporation", Backend=Linux, LinuxCgroup=/, OSName=Linux, OSRelease=5.13.0-1031-azure, OSVersion="#37~20.04.1-Ubuntu SMP Mon Jun 13 22:51:01 UTC 2022", HostName=fv-az397-374, Architecture=x86_64, hwlocVersion=2.1.0, ProcessName=cactus_sim)
  Package L#0: (P#0, total=7113128KB, CPUVendor=GenuineIntel, CPUFamilyNumber=6, CPUModelNumber=79, CPUModel="Intel(R) Xeon(R) CPU E5-2673 v4 @ 2.30GHz", CPUStepping=1)
    L3Cache L#0: (P#-1, size=51200KB, linesize=64, ways=20, Inclusive=1)
      L2Cache L#0: (P#-1, size=256KB, linesize=64, ways=8, Inclusive=0)
        L1dCache L#0: (P#-1, size=32KB, linesize=64, ways=8, Inclusive=0)
          Core L#0: (P#0)
            PU L#0: (P#0)
      L2Cache L#1: (P#-1, size=256KB, linesize=64, ways=8, Inclusive=0)
        L1dCache L#1: (P#-1, size=32KB, linesize=64, ways=8, Inclusive=0)
          Core L#1: (P#1)
            PU L#1: (P#1)
INFO (SystemTopology): Thread CPU bindings:
  MPI process 0 on host 0 (process 0 of 2 on this host)
    OpenMP thread 0: PU set L#{0} P#{0}
  MPI process 1 on host 0 (process 1 of 2 on this host)
    OpenMP thread 0: PU set L#{1} P#{1}
INFO (SystemTopology): Setting thread CPU bindings:
INFO (SystemTopology): Thread CPU bindings:
  MPI process 0 on host 0 (process 0 of 2 on this host)
    OpenMP thread 0: PU set L#{0} P#{0}
  MPI process 1 on host 0 (process 1 of 2 on this host)
    OpenMP thread 0: PU set L#{1} P#{1}
INFO (SystemTopology): Extracting CPU/cache/memory properties:
  There are 1 PUs per core (aka hardware SMT threads)
  There are 1 threads per core (aka SMT threads used)
  Cache (unknown name) has type "data" depth 1
    size 32768 linesize 64 associativity 8 stride 4096, for 1 PUs
  Cache (unknown name) has type "unified" depth 2
    size 262144 linesize 64 associativity 8 stride 32768, for 1 PUs
  Cache (unknown name) has type "unified" depth 3
    size 52428800 linesize 64 associativity 20 stride 2621440, for 2 PUs
INFO (PUGH): Using physical to logical mappings: direct
INFO (PUGH): Using topology generator: automatic
INFO (Vectors): Using vector size 2 for architecture SSE2 (64-bit precision)
--------------------------------------------------------------------------------
Driver provided by PUGH
--------------------------------------------------------------------------------

INFO (PUGH): Not setting up a topology for 1 dimensions
INFO (PUGH): Not setting up a topology for 2 dimensions
INFO (PUGH): Setting up a topology for 3 dimensions
INFO (IOASCII): I/O Method 'IOASCII_1D' registered: output of 1D lines of grid functions/arrays to ASCII files
INFO (IOASCII): Periodic 1D output every 1 iterations
INFO (IOASCII): Periodic 1D output requested for 'GRID::r'
INFO (IOASCII): I/O Method 'IOASCII_2D' registered: output of 2D planes of grid functions/arrays to ASCII files
INFO (IOASCII): Periodic 2D output turned off
INFO (IOASCII): I/O Method 'IOASCII_3D' registered: output of 3D grid functions/arrays to ASCII files
INFO (IOASCII): Periodic 3D output turned off
INFO (MemSpeed): Measuring CPU, cache, memory, and communication speeds:
  Single-core measurements (using 1 MPI processes with 1 OpenMP threads each):
    CPU frequency:
      iterations=1000000... time=0.00266893 sec
      iterations=10000000... time=0.0257367 sec
      iterations=100000000... time=0.262295 sec
      iterations=400000000... time=1.1244 sec
      iterations=400000000... time=0.850873 sec
      result: 2.92475 GHz
    CPU floating point performance:
      iterations=1000000... time=0.00281813 sec
      iterations=10000000... time=0.0286558 sec
      iterations=100000000... time=0.275748 sec
      iterations=400000000... time=1.16208 sec
      result: 11.0147 Gflop/sec
    CPU integer performance:
      iterations=1000000... time=0.00190862 sec
      iterations=10000000... time=0.0186653 sec
      iterations=100000000... time=0.188072 sec
      iterations=600000000... time=1.10742 sec
      result: 8.66881 Giop/sec
    Read latency of D1 cache (for 1 PUs) (using 1*24576 bytes):
      iterations=1000... time=0.000137202 sec
      iterations=10000... time=0.00119441 sec
      iterations=100000... time=0.0140779 sec
      iterations=1000000... time=0.131407 sec
      iterations=8000000... time=1.11777 sec
      result: 1.39721 nsec
    Read latency of L2 cache (for 1 PUs) (using 1*196608 bytes):
      iterations=1000... time=0.000387704 sec
      iterations=10000... time=0.00432875 sec
      iterations=100000... time=0.0448076 sec
      iterations=1000000... time=0.46574 sec
      iterations=2000000... time=1.00446 sec
      result: 5.02229 nsec
    Read latency of L3 cache (for 2 PUs) (using 1*39321600 bytes):
      [skipped -- avoiding large-memory benchmarks]
    Read bandwidth of D1 cache (for 1 PUs) (using 1*24576 bytes):
      iterations=1... time=1.2e-06 sec
      iterations=10... time=3.9e-06 sec
      iterations=100... time=3.1301e-05 sec
      iterations=1000... time=0.000235102 sec
      iterations=10000... time=0.00244423 sec
      iterations=100000... time=0.027393 sec
      iterations=1000000... time=0.274482 sec
      iterations=4000000... time=1.12455 sec
      result: 87.416 GByte/sec
    Read bandwidth of L2 cache (for 1 PUs) (using 1*196608 bytes):
      iterations=1... time=7.5e-06 sec
      iterations=10... time=4.9601e-05 sec
      iterations=100... time=0.000686908 sec
      iterations=1000... time=0.00486396 sec
      iterations=10000... time=0.050344 sec
      iterations=100000... time=0.553997 sec
      iterations=200000... time=1.34062 sec
      result: 29.3308 GByte/sec
    Read bandwidth of L3 cache (for 2 PUs) (using 1*39321600 bytes):
      [skipped -- avoiding large-memory benchmarks]
    Write latency of D1 cache (for 1 PUs) (using 1*24576 bytes):
      iterations=1000... time=3.3e-06 sec
      iterations=10000... time=3.8001e-05 sec
      iterations=100000... time=0.000270303 sec
      iterations=1000000... time=0.00312784 sec
      iterations=10000000... time=0.0268408 sec
      iterations=100000000... time=0.396465 sec
      iterations=300000000... time=1.10042 sec
      result: 0.458508 nsec
    Write latency of L2 cache (for 1 PUs) (using 1*196608 bytes):
      iterations=1000... time=1.83e-05 sec
      iterations=10000... time=0.000177303 sec
      iterations=100000... time=0.00142322 sec
      iterations=1000000... time=0.0163809 sec
      iterations=10000000... time=0.237678 sec
      iterations=50000000... time=1.05637 sec
      result: 2.64091 nsec
    Write latency of L3 cache (for 2 PUs) (using 1*39321600 bytes):
      [skipped -- avoiding large-memory benchmarks]
    Write bandwidth of D1 cache (for 1 PUs) (using 1*24576 bytes):
      iterations=1... time=1.1e-06 sec
      iterations=10... time=5e-06 sec
      iterations=100... time=4.44e-05 sec
      iterations=1000... time=0.000453405 sec
      iterations=10000... time=0.00551146 sec
      iterations=100000... time=0.0551881 sec
      iterations=1000000... time=0.67543 sec
      iterations=2000000... time=1.50917 sec
      result: 32.569 GByte/sec
    Write bandwidth of L2 cache (for 1 PUs) (using 1*196608 bytes):
      iterations=1... time=8.4e-06 sec
      iterations=10... time=8.1001e-05 sec
      iterations=100... time=0.00086161 sec
      iterations=1000... time=0.00936121 sec
      iterations=10000... time=0.0858908 sec
      iterations=100000... time=1.18848 sec
      result: 16.5427 GByte/sec
    Write bandwidth of L3 cache (for 2 PUs) (using 1*39321600 bytes):
      [skipped -- avoiding large-memory benchmarks]
    Stencil code performance of D1 cache (for 1 PUs) (using 1*12^3 grid points, 1*27648 bytes):
      iterations=1... time=2.91e-05 sec
      iterations=10... time=0.000223003 sec
      iterations=100... time=0.00229833 sec
      iterations=1000... time=0.0231475 sec
      iterations=10000... time=0.364657 sec
      iterations=30000... time=0.997029 sec
      iterations=60000... time=1.92872 sec
      result: 0.0537559 Gupdates/sec
    Stencil code performance of L2 cache (for 1 PUs) (using 1*23^3 grid points, 1*194672 bytes):
      iterations=1... time=4.05e-05 sec
      iterations=10... time=0.000460905 sec
      iterations=100... time=0.00407245 sec
      iterations=1000... time=0.0381464 sec
      iterations=10000... time=0.534378 sec
      iterations=20000... time=1.09929 sec
      result: 0.221361 Gupdates/sec
    Stencil code performance of L3 cache (for 2 PUs) (using 1*135^3 grid points, 1*39366000 bytes):
      iterations=1... time=0.0161988 sec
      iterations=10... time=0.0842435 sec
      iterations=100... time=0.825135 sec
      iterations=200... time=1.61734 sec
      result: 0.30425 Gupdates/sec
  Single-node measurements (using 2 MPI processes with 1 OpenMP threads each):
    CPU frequency:
      iterations=1000000... time=0.00339919 sec
      iterations=10000000... time=0.037985 sec
      iterations=100000000... time=0.381859 sec
      iterations=300000000... time=1.14482 sec
      iterations=300000000... time=0.880027 sec
      result: 2.26591 GHz
    CPU floating point performance:
      iterations=1000000... time=0.00295348 sec
      iterations=10000000... time=0.0368062 sec
      iterations=100000000... time=0.37897 sec
      iterations=300000000... time=1.17607 sec
      result: 8.16279 Gflop/sec
    CPU integer performance:
      iterations=1000000... time=0.00148097 sec
      iterations=10000000... time=0.0265847 sec
      iterations=100000000... time=0.254157 sec
      iterations=400000000... time=0.99101 sec
      iterations=800000000... time=2.01674 sec
      result: 6.34688 Giop/sec
    Read latency of D1 cache (for 1 PUs) (using 2*24576 bytes):
      iterations=1000... time=0.000375104 sec
      iterations=10000... time=0.00156242 sec
      iterations=100000... time=0.0219329 sec
      iterations=1000000... time=0.197466 sec
      iterations=6000000... time=1.15852 sec
      result: 1.93086 nsec
    Read latency of L2 cache (for 1 PUs) (using 2*196608 bytes):
      iterations=1000... time=0.000648108 sec
      iterations=10000... time=0.00480761 sec
      iterations=100000... time=0.0732687 sec
      iterations=1000000... time=0.715616 sec
      iterations=2000000... time=1.4342 sec
      result: 7.17102 nsec
    Read latency of L3 cache (for 2 PUs) (using 2*39321600 bytes):
      [skipped -- too much memory requested]
    Read bandwidth of D1 cache (for 1 PUs) (using 2*24576 bytes):
      iterations=1... time=7e-07 sec
      iterations=10... time=2.95e-06 sec
      iterations=100... time=2.455e-05 sec
      iterations=1000... time=0.000277103 sec
      iterations=10000... time=0.00278918 sec
      iterations=100000... time=0.0385037 sec
      iterations=1000000... time=0.364751 sec
      iterations=3000000... time=1.07933 sec
      result: 68.3091 GByte/sec
    Read bandwidth of L2 cache (for 1 PUs) (using 2*196608 bytes):
      iterations=1... time=6.4e-06 sec
      iterations=10... time=4.4501e-05 sec
      iterations=100... time=0.000490506 sec
      iterations=1000... time=0.00457185 sec
      iterations=10000... time=0.049197 sec
      iterations=100000... time=0.513656 sec
      iterations=200000... time=1.01194 sec
      result: 38.8575 GByte/sec
    Read bandwidth of L3 cache (for 2 PUs) (using 2*39321600 bytes):
      [skipped -- too much memory requested]
    Write latency of D1 cache (for 1 PUs) (using 2*24576 bytes):
      iterations=1000... time=3.8e-06 sec
      iterations=10000... time=2.4451e-05 sec
      iterations=100000... time=0.000237153 sec
      iterations=1000000... time=0.00248633 sec
      iterations=10000000... time=0.0278112 sec
      iterations=100000000... time=0.276383 sec
      iterations=400000000... time=1.10411 sec
      result: 0.345035 nsec
    Write latency of L2 cache (for 1 PUs) (using 2*196608 bytes):
      iterations=1000... time=2.26e-05 sec
      iterations=10000... time=0.000168302 sec
      iterations=100000... time=0.00173937 sec
      iterations=1000000... time=0.0167923 sec
      iterations=10000000... time=0.165772 sec
      iterations=70000000... time=1.1967 sec
      result: 2.13696 nsec
    Write latency of L3 cache (for 2 PUs) (using 2*39321600 bytes):
      [skipped -- too much memory requested]
    Write bandwidth of D1 cache (for 1 PUs) (using 2*24576 bytes):
      iterations=1... time=8.5e-07 sec
      iterations=10... time=4.25e-06 sec
      iterations=100... time=3.38e-05 sec
      iterations=1000... time=0.000433155 sec
      iterations=10000... time=0.0044411 sec
      iterations=100000... time=0.0413402 sec
      iterations=1000000... time=0.409698 sec
      iterations=3000000... time=1.23283 sec
      result: 59.8038 GByte/sec
    Write bandwidth of L2 cache (for 1 PUs) (using 2*196608 bytes):
      iterations=1... time=1.005e-05 sec
      iterations=10... time=0.000158752 sec
      iterations=100... time=0.000955461 sec
      iterations=1000... time=0.00909625 sec
      iterations=10000... time=0.0896395 sec
      iterations=100000... time=0.887336 sec
      iterations=200000... time=1.74114 sec
      result: 22.5839 GByte/sec
    Write bandwidth of L3 cache (for 2 PUs) (using 2*39321600 bytes):
      [skipped -- too much memory requested]
    Stencil code performance of D1 cache (for 1 PUs) (using 2*9^3 grid points, 2*11664 bytes):
      iterations=1... time=8.2e-06 sec
      iterations=10... time=7.7601e-05 sec
      iterations=100... time=0.000773709 sec
      iterations=1000... time=0.00971386 sec
      iterations=10000... time=0.0873511 sec
      iterations=100000... time=0.881278 sec
      iterations=200000... time=1.77445 sec
      result: 0.0821663 Gupdates/sec
    Stencil code performance of L2 cache (for 1 PUs) (using 2*18^3 grid points, 2*93312 bytes):
      iterations=1... time=4.46e-05 sec
      iterations=10... time=0.000490356 sec
      iterations=100... time=0.00502731 sec
      iterations=1000... time=0.0504636 sec
      iterations=10000... time=0.514954 sec
      iterations=20000... time=1.03802 sec
      result: 0.112368 Gupdates/sec
    Stencil code performance of L3 cache (for 2 PUs) (using 1*135^3 grid points, 1*39366000 bytes):
      [skipped -- too many MPI processes]
  Single-node measurements:
    MPI latency: 1150 nsec
    MPI bandwidth: 3.92145 GByte/sec
INFO (Vectors): Testing vectorisation... [errors may result in segfaults]
INFO (Vectors): 375/375 tests passed 
INFO (CartGrid3D): Grid Spacings:
INFO (CartGrid3D): dx=>1.1111111e-01  dy=>1.1111111e-01  dz=>1.1111111e-01
INFO (CartGrid3D): Computational Coordinates:
INFO (CartGrid3D): x=>[-0.500, 0.500]  y=>[-0.500, 0.500]  z=>[-0.500, 0.500]
INFO (CartGrid3D): Indices of Physical Coordinates:
INFO (CartGrid3D): x=>[0,9]  y=>[0,9]  z=>[0,9]
INFO (PUGH): MPI Evolution on 2 processors
INFO (PUGH): 3-dimensional grid functions
INFO (PUGH):   Size: 10 10 10
INFO (PUGH):   Processor topology: 2 x 1 x 1
INFO (PUGH):   Local load: 600   [6 x 10 x 10]
INFO (PUGH):   Maximum load skew: 0.000000
--------------------------------------------------------------------------------
Done.
+ echo Stopping:
Stopping:
+ date
Sat Jul 16 22:18:53 UTC 2022
+ echo Done.
Done.
  Elapsed time: 53.0 s
