/home/runner/simulations/TestJob01_temp_2/output-0000/TEST/sim/MemSpeed
Preparing:
+ set -e
+ cd output-0000-active
+ echo Checking:
Checking:
+ pwd
/home/runner/simulations/TestJob01_temp_2/output-0000/TEST/sim/MemSpeed/output-0000-active
+ hostname
fv-az173-158
+ date
Sat Jul 16 23:48:40 UTC 2022
+ echo Environment:
Environment:
+ export CACTUS_NUM_PROCS=2
+ CACTUS_NUM_PROCS=2
+ export CACTUS_NUM_THREADS=1
+ CACTUS_NUM_THREADS=1
+ export GMON_OUT_PREFIX=gmon.out
+ GMON_OUT_PREFIX=gmon.out
+ export OMP_NUM_THREADS=1
+ OMP_NUM_THREADS=1
+ env
+ sort
+ echo Starting:
Starting:
++ date +%s
+ export CACTUS_STARTTIME=1658015320
+ CACTUS_STARTTIME=1658015320
+ '[' 2 = 1 ']'
+ mpirun -np 2 /home/runner/simulations/TestJob01_temp_2/SIMFACTORY/exe/cactus_sim -L 3 /home/runner/simulations/TestJob01_temp_2/output-0000/arrangements/CactusUtils/MemSpeed/test/memspeed.par
INFO (Cactus): Increased logging level from 0 to 3
--------------------------------------------------------------------------------

       10                                  
  1   0101       ************************  
  01  1010 10      The Cactus Code V4.12.0    
 1010 1101 011      www.cactuscode.org     
  1001 100101    ************************  
    00010101                               
     100011     (c) Copyright The Authors  
      0100      GNU Licensed. No Warranty  
      0101                                 
--------------------------------------------------------------------------------

Cactus version:    4.12.0
Compile date:      Jul 16 2022 (23:22:29)
Run date:          Jul 16 2022 (23:48:40+0000)
Run host:          fv-az173-158.h4pcb1qgckmubfchnqyq5btvmd.gx.internal.cloudapp.net (pid=106299)
Working directory: /home/runner/simulations/TestJob01_temp_2/output-0000/TEST/sim/MemSpeed
Executable:        /home/runner/simulations/TestJob01_temp_2/SIMFACTORY/exe/cactus_sim
Parameter file:    /home/runner/simulations/TestJob01_temp_2/output-0000/arrangements/CactusUtils/MemSpeed/test/memspeed.par
--------------------------------------------------------------------------------

Activating thorn Cactus...Success -> active implementation Cactus
Activation requested for 
--->hwloc MemSpeed SystemTopology CartGrid3D CoordBase IOASCII IOUtil PUGH PUGHSlab<---
Thorn hwloc requests automatic activation of zlib
Thorn MemSpeed requests automatic activation of Vectors
Thorn MemSpeed requests automatic activation of MPI
Activating thorn CartGrid3D...Success -> active implementation grid
Activating thorn CoordBase...Success -> active implementation CoordBase
Activating thorn hwloc...Success -> active implementation hwloc
Activating thorn IOASCII...Success -> active implementation IOASCII
Activating thorn IOUtil...Success -> active implementation IO
Activating thorn MemSpeed...Success -> active implementation MemSpeed
Activating thorn MPI...Success -> active implementation MPI
Activating thorn PUGH...Success -> active implementation Driver
Activating thorn PUGHSlab...Success -> active implementation Hyperslab
Activating thorn SystemTopology...Success -> active implementation SystemTopology
Activating thorn Vectors...Success -> active implementation Vectors
Activating thorn zlib...Success -> active implementation zlib
--------------------------------------------------------------------------------
  if (recover initial data)
    Recover parameters
  endif

  Startup routines
    [CCTK_STARTUP]
      CartGrid3D::SymmetryStartup: Register GH Extension for GridSymmetry
      CoordBase::CoordBase_Startup: Register a GH extension to store the coordinate system handles
      GROUP hwloc_startup: hwloc startup group
        hwloc::hwloc_version: Output hwloc version
      SystemTopology::ST_system_topology: Output and/or modify system topology and hardware locality
      PUGH::Driver_Startup: Startup routine
      PUGH::PUGH_RegisterPUGHP2LRoutines: Register Physical to Logical process mapping routines
      PUGH::PUGH_RegisterPUGHTopologyRoutines: Register topology generation routines routines
      IOUtil::IOUtil_Startup: Startup routine
      Vectors::Vectors_Startup: Print startup message
      IOASCII::IOASCII_Startup: Startup routine

  Startup routines which need an existing grid hierarchy
    [CCTK_WRAGH]
      CartGrid3D::RegisterCartGrid3DCoords: [meta] Register coordinates for the Cartesian grid
      MemSpeed::MemSpeed_MeasureSpeed: [meta] Measure CPU, memory, cache speeds
  Parameter checking routines
    [CCTK_PARAMCHECK]
      CartGrid3D::ParamCheck_CartGrid3D: Check coordinates for CartGrid3D
      Vectors::Vectors_Test: Run correctness tests.

  Initialisation
    if (NOT (recover initial data AND recovery_mode is 'strict'))
      [CCTK_PREREGRIDINITIAL]
      Set up grid hierarchy
      [CCTK_POSTREGRIDINITIAL]
        CartGrid3D::SpatialCoordinates: Set Coordinates after regridding
      [CCTK_BASEGRID]
        CartGrid3D::SpatialSpacings: Set up ranges for spatial 3D Cartesian coordinates (on all grids)
        CartGrid3D::SpatialCoordinates: Set up spatial 3D Cartesian coordinates on the GH
        IOASCII::IOASCII_Choose1D: Choose 1D output lines
        IOASCII::IOASCII_Choose2D: Choose 2D output planes
        PUGH::PUGH_Report: Report on PUGH set up
      [CCTK_INITIAL]
      [CCTK_POSTINITIAL]
      Initialise finer grids recursively
      Restrict from finer grids
      [CCTK_POSTRESTRICTINITIAL]
      [CCTK_POSTPOSTINITIAL]
      [CCTK_POSTSTEP]
    endif
    if (recover initial data)
      [CCTK_BASEGRID]
        CartGrid3D::SpatialSpacings: Set up ranges for spatial 3D Cartesian coordinates (on all grids)
        CartGrid3D::SpatialCoordinates: Set up spatial 3D Cartesian coordinates on the GH
        IOASCII::IOASCII_Choose1D: Choose 1D output lines
        IOASCII::IOASCII_Choose2D: Choose 2D output planes
        PUGH::PUGH_Report: Report on PUGH set up
      [CCTK_RECOVER_VARIABLES]
      [CCTK_POST_RECOVER_VARIABLES]
    endif
    if (checkpoint initial data)
      [CCTK_CPINITIAL]
    endif
    if (analysis)
      [CCTK_ANALYSIS]
  endif
  Output grid variables

  do loop over timesteps
    [CCTK_PREREGRID]
    Change grid hierarchy
    [CCTK_POSTREGRID]
      CartGrid3D::SpatialCoordinates: Set Coordinates after regridding
    Rotate timelevels
    iteration = iteration+1
    t = t+dt
    [CCTK_PRESTEP]
    [CCTK_EVOL]
    Evolve finer grids recursively
    Restrict from finer grids
    [CCTK_POSTRESTRICT]
    [CCTK_POSTSTEP]
    if (checkpoint)
      [CCTK_CHECKPOINT]
    endif
    if (analysis)
      [CCTK_ANALYSIS]
    endif
    Output grid variables
    enddo

  Termination routines
    [CCTK_TERMINATE]
      PUGH::Driver_Terminate: Termination routine

  Shutdown routines
    [CCTK_SHUTDOWN]

  Routines run after changing the grid hierarchy:
    [CCTK_POSTREGRID]
      CartGrid3D::SpatialCoordinates: Set Coordinates after regridding
--------------------------------------------------------------------------------
INFO (hwloc): library version 2.1.0, API version 0x20100
INFO (SystemTopology): MPI process-to-host mapping:
This is MPI process 0 of 2
MPI hosts:
  0: fv-az173-158
This MPI process runs on host 0 of 1
On this host, this is MPI process 0 of 2
INFO (SystemTopology): Topology support:
Discovery support:
  discovery->pu                            : yes
CPU binding support:
  cpubind->set_thisproc_cpubind            : yes
  cpubind->get_thisproc_cpubind            : yes
  cpubind->set_proc_cpubind                : yes
  cpubind->get_proc_cpubind                : yes
  cpubind->set_thisthread_cpubind          : yes
  cpubind->get_thisthread_cpubind          : yes
  cpubind->set_thread_cpubind              : yes
  cpubind->get_thread_cpubind              : yes
  cpubind->get_thisproc_last_cpu_location  : yes
  cpubind->get_proc_last_cpu_location      : yes
  cpubind->get_thisthread_last_cpu_location: yes
Memory binding support:
  membind->set_thisproc_membind            : no
  membind->get_thisproc_membind            : no
  membind->set_proc_membind                : no
  membind->get_proc_membind                : no
  membind->set_thisthread_membind          : yes
  membind->get_thisthread_membind          : yes
  membind->set_area_membind                : yes
  membind->get_area_membind                : yes
  membind->alloc_membind                   : yes
  membind->firsttouch_membind              : yes
  membind->bind_membind                    : yes
  membind->interleave_membind              : yes
  membind->nexttouch_membind               : no
  membind->migrate_membind                 : yes
INFO (SystemTopology): Hardware objects in this node:
Machine L#0: (P#0, total=7113128KB, DMIProductName="Virtual Machine", DMIProductVersion=7.0, DMIProductUUID=cf14ed50-a130-0e42-9f53-f1a6316cd3c3, DMIBoardVendor="Microsoft Corporation", DMIBoardName="Virtual Machine", DMIBoardVersion=7.0, DMIChassisVendor="Microsoft Corporation", DMIChassisType=3, DMIChassisVersion=7.0, DMIChassisAssetTag=7783-7084-3265-9085-8269-3286-77, DMIBIOSVendor="American Megatrends Inc.", DMIBIOSVersion="090008 ", DMIBIOSDate=12/07/2018, DMISysVendor="Microsoft Corporation", Backend=Linux, LinuxCgroup=/, OSName=Linux, OSRelease=5.13.0-1031-azure, OSVersion="#37~20.04.1-Ubuntu SMP Mon Jun 13 22:51:01 UTC 2022", HostName=fv-az173-158, Architecture=x86_64, hwlocVersion=2.1.0, ProcessName=cactus_sim)
  Package L#0: (P#0, total=7113128KB, CPUVendor=GenuineIntel, CPUFamilyNumber=6, CPUModelNumber=85, CPUModel="Intel(R) Xeon(R) Platinum 8272CL CPU @ 2.60GHz", CPUStepping=7)
    L3Cache L#0: (P#-1, size=36608KB, linesize=64, ways=11, Inclusive=0)
      L2Cache L#0: (P#-1, size=1024KB, linesize=64, ways=16, Inclusive=0)
        L1dCache L#0: (P#-1, size=32KB, linesize=64, ways=8, Inclusive=0)
          Core L#0: (P#0)
            PU L#0: (P#0)
      L2Cache L#1: (P#-1, size=1024KB, linesize=64, ways=16, Inclusive=0)
        L1dCache L#1: (P#-1, size=32KB, linesize=64, ways=8, Inclusive=0)
          Core L#1: (P#1)
            PU L#1: (P#1)
INFO (SystemTopology): Thread CPU bindings:
  MPI process 0 on host 0 (process 0 of 2 on this host)
    OpenMP thread 0: PU set L#{0} P#{0}
  MPI process 1 on host 0 (process 1 of 2 on this host)
    OpenMP thread 0: PU set L#{1} P#{1}
INFO (SystemTopology): Setting thread CPU bindings:
INFO (SystemTopology): Thread CPU bindings:
  MPI process 0 on host 0 (process 0 of 2 on this host)
    OpenMP thread 0: PU set L#{0} P#{0}
  MPI process 1 on host 0 (process 1 of 2 on this host)
    OpenMP thread 0: PU set L#{1} P#{1}
INFO (SystemTopology): Extracting CPU/cache/memory properties:
  There are 1 PUs per core (aka hardware SMT threads)
  There are 1 threads per core (aka SMT threads used)
  Cache (unknown name) has type "data" depth 1
    size 32768 linesize 64 associativity 8 stride 4096, for 1 PUs
  Cache (unknown name) has type "unified" depth 2
    size 1048576 linesize 64 associativity 16 stride 65536, for 1 PUs
  Cache (unknown name) has type "unified" depth 3
    size 37486592 linesize 64 associativity 11 stride 3407872, for 2 PUs
INFO (PUGH): Using physical to logical mappings: direct
INFO (PUGH): Using topology generator: automatic
INFO (Vectors): Using vector size 2 for architecture SSE2 (64-bit precision)
--------------------------------------------------------------------------------
Driver provided by PUGH
--------------------------------------------------------------------------------

INFO (PUGH): Not setting up a topology for 1 dimensions
INFO (PUGH): Not setting up a topology for 2 dimensions
INFO (PUGH): Setting up a topology for 3 dimensions
INFO (IOASCII): I/O Method 'IOASCII_1D' registered: output of 1D lines of grid functions/arrays to ASCII files
INFO (IOASCII): Periodic 1D output every 1 iterations
INFO (IOASCII): Periodic 1D output requested for 'GRID::r'
INFO (IOASCII): I/O Method 'IOASCII_2D' registered: output of 2D planes of grid functions/arrays to ASCII files
INFO (IOASCII): Periodic 2D output turned off
INFO (IOASCII): I/O Method 'IOASCII_3D' registered: output of 3D grid functions/arrays to ASCII files
INFO (IOASCII): Periodic 3D output turned off
INFO (MemSpeed): Measuring CPU, cache, memory, and communication speeds:
  Single-core measurements (using 1 MPI processes with 1 OpenMP threads each):
    CPU frequency:
      iterations=1000000... time=0.00133684 sec
      iterations=10000000... time=0.0134128 sec
      iterations=100000000... time=0.135099 sec
      iterations=800000000... time=1.0804 sec
      iterations=800000000... time=1.07407 sec
      result: 252.945 GHz
    CPU floating point performance:
      iterations=1000000... time=0.00298949 sec
      iterations=10000000... time=0.0305181 sec
      iterations=100000000... time=0.302904 sec
      iterations=400000000... time=1.20524 sec
      result: 10.6203 Gflop/sec
    CPU integer performance:
      iterations=1000000... time=0.00186016 sec
      iterations=10000000... time=0.0183465 sec
      iterations=100000000... time=0.184293 sec
      iterations=600000000... time=1.10634 sec
      result: 8.67724 Giop/sec
    Read latency of D1 cache (for 1 PUs) (using 1*24576 bytes):
      iterations=1000... time=0.000134904 sec
      iterations=10000... time=0.00134644 sec
      iterations=100000... time=0.0133846 sec
      iterations=1000000... time=0.134121 sec
      iterations=8000000... time=1.07619 sec
      result: 1.34524 nsec
    Read latency of L2 cache (for 1 PUs) (using 1*786432 bytes):
      iterations=1000... time=0.000580517 sec
      iterations=10000... time=0.00514935 sec
      iterations=100000... time=0.0506989 sec
      iterations=1000000... time=0.508138 sec
      iterations=2000000... time=1.02176 sec
      result: 5.10878 nsec
    Read latency of L3 cache (for 2 PUs) (using 1*28114944 bytes):
      [skipped -- avoiding large-memory benchmarks]
    Read bandwidth of D1 cache (for 1 PUs) (using 1*24576 bytes):
      iterations=1... time=8e-07 sec
      iterations=10... time=3.5e-06 sec
      iterations=100... time=3.09e-05 sec
      iterations=1000... time=0.000305309 sec
      iterations=10000... time=0.00306129 sec
      iterations=100000... time=0.0305711 sec
      iterations=1000000... time=0.306052 sec
      iterations=4000000... time=1.22347 sec
      result: 80.3484 GByte/sec
    Read bandwidth of L2 cache (for 1 PUs) (using 1*786432 bytes):
      iterations=1... time=2.8401e-05 sec
      iterations=10... time=0.000164805 sec
      iterations=100... time=0.00156275 sec
      iterations=1000... time=0.0154563 sec
      iterations=10000... time=0.157661 sec
      iterations=70000... time=1.44498 sec
      result: 38.0976 GByte/sec
    Read bandwidth of L3 cache (for 2 PUs) (using 1*28114944 bytes):
      [skipped -- avoiding large-memory benchmarks]
    Write latency of D1 cache (for 1 PUs) (using 1*24576 bytes):
      iterations=1000... time=3.2e-06 sec
      iterations=10000... time=2.7101e-05 sec
      iterations=100000... time=0.000278308 sec
      iterations=1000000... time=0.00267368 sec
      iterations=10000000... time=0.027056 sec
      iterations=100000000... time=0.412911 sec
      iterations=300000000... time=1.1129 sec
      result: 0.46371 nsec
    Write latency of L2 cache (for 1 PUs) (using 1*786432 bytes):
      iterations=1000... time=3.1601e-05 sec
      iterations=10000... time=0.000148605 sec
      iterations=100000... time=0.00142704 sec
      iterations=1000000... time=0.014259 sec
      iterations=10000000... time=0.142132 sec
      iterations=80000000... time=1.55466 sec
      result: 2.42916 nsec
    Write latency of L3 cache (for 2 PUs) (using 1*28114944 bytes):
      [skipped -- avoiding large-memory benchmarks]
    Write bandwidth of D1 cache (for 1 PUs) (using 1*24576 bytes):
      iterations=1... time=6e-07 sec
      iterations=10... time=1.9e-06 sec
      iterations=100... time=1.5501e-05 sec
      iterations=1000... time=0.000150105 sec
      iterations=10000... time=0.00149724 sec
      iterations=100000... time=0.0235889 sec
      iterations=1000000... time=0.192739 sec
      iterations=6000000... time=1.21412 sec
      result: 121.451 GByte/sec
    Write bandwidth of L2 cache (for 1 PUs) (using 1*786432 bytes):
      iterations=1... time=3.3001e-05 sec
      iterations=10... time=0.000307909 sec
      iterations=100... time=0.00306369 sec
      iterations=1000... time=0.0302365 sec
      iterations=10000... time=0.354554 sec
      iterations=30000... time=1.21106 sec
      result: 19.4813 GByte/sec
    Write bandwidth of L3 cache (for 2 PUs) (using 1*28114944 bytes):
      [skipped -- avoiding large-memory benchmarks]
    Stencil code performance of D1 cache (for 1 PUs) (using 1*12^3 grid points, 1*27648 bytes):
      iterations=1... time=3.0301e-05 sec
      iterations=10... time=0.000222306 sec
      iterations=100... time=0.00221477 sec
      iterations=1000... time=0.0312149 sec
      iterations=10000... time=0.269759 sec
      iterations=40000... time=1.12984 sec
      result: 0.0611767 Gupdates/sec
    Stencil code performance of L2 cache (for 1 PUs) (using 1*37^3 grid points, 1*810448 bytes):
      iterations=1... time=0.000191705 sec
      iterations=10... time=0.00178485 sec
      iterations=100... time=0.0179136 sec
      iterations=1000... time=0.278001 sec
      iterations=4000... time=0.956884 sec
      iterations=8000... time=1.86611 sec
      result: 0.217149 Gupdates/sec
    Stencil code performance of L3 cache (for 2 PUs) (using 1*121^3 grid points, 1*28344976 bytes):
      iterations=1... time=0.00406182 sec
      iterations=10... time=0.0404739 sec
      iterations=100... time=0.523559 sec
      iterations=200... time=0.992151 sec
      iterations=400... time=2.00689 sec
      result: 0.353096 Gupdates/sec
  Single-node measurements (using 2 MPI processes with 1 OpenMP threads each):
    CPU frequency:
      iterations=1000000... time=0.00133679 sec
      iterations=10000000... time=0.0215569 sec
      iterations=100000000... time=0.184941 sec
      iterations=600000000... time=1.0961 sec
      iterations=600000000... time=1.06293 sec
      result: 36.1735 GHz
    CPU floating point performance:
      iterations=1000000... time=0.0070079 sec
      iterations=10000000... time=0.0463051 sec
      iterations=100000000... time=0.422789 sec
      iterations=300000000... time=1.20201 sec
      result: 7.98665 Gflop/sec
    CPU integer performance:
      iterations=1000000... time=0.00185786 sec
      iterations=10000000... time=0.0254127 sec
      iterations=100000000... time=0.238851 sec
      iterations=500000000... time=1.2367 sec
      result: 6.46885 Giop/sec
    Read latency of D1 cache (for 1 PUs) (using 2*24576 bytes):
      iterations=1000... time=0.000134554 sec
      iterations=10000... time=0.00133984 sec
      iterations=100000... time=0.0174876 sec
      iterations=1000000... time=0.171682 sec
      iterations=6000000... time=1.07153 sec
      result: 1.78588 nsec
    Read latency of L2 cache (for 1 PUs) (using 2*786432 bytes):
      iterations=1000... time=0.000583918 sec
      iterations=10000... time=0.00960373 sec
      iterations=100000... time=0.0710036 sec
      iterations=1000000... time=0.744831 sec
      iterations=2000000... time=1.4574 sec
      result: 7.28702 nsec
    Read latency of L3 cache (for 2 PUs) (using 2*28114944 bytes):
      [skipped -- too much memory requested]
    Read bandwidth of D1 cache (for 1 PUs) (using 2*24576 bytes):
      iterations=1... time=7e-07 sec
      iterations=10... time=3.35e-06 sec
      iterations=100... time=3.0751e-05 sec
      iterations=1000... time=0.000306409 sec
      iterations=10000... time=0.00705826 sec
      iterations=100000... time=0.0428819 sec
      iterations=1000000... time=0.379883 sec
      iterations=3000000... time=0.916846 sec
      iterations=6000000... time=1.83541 sec
      result: 80.3395 GByte/sec
    Read bandwidth of L2 cache (for 1 PUs) (using 2*786432 bytes):
      iterations=1... time=2.24505e-05 sec
      iterations=10... time=0.000162955 sec
      iterations=100... time=0.00154734 sec
      iterations=1000... time=0.0154473 sec
      iterations=10000... time=0.154755 sec
      iterations=70000... time=1.08157 sec
      result: 50.8984 GByte/sec
    Read bandwidth of L3 cache (for 2 PUs) (using 2*28114944 bytes):
      [skipped -- too much memory requested]
    Write latency of D1 cache (for 1 PUs) (using 2*24576 bytes):
      iterations=1000... time=3.15e-06 sec
      iterations=10000... time=2.715e-05 sec
      iterations=100000... time=0.000267607 sec
      iterations=1000000... time=0.00268227 sec
      iterations=10000000... time=0.026765 sec
      iterations=100000000... time=0.268048 sec
      iterations=400000000... time=1.07812 sec
      result: 0.336914 nsec
    Write latency of L2 cache (for 1 PUs) (using 2*786432 bytes):
      iterations=1000... time=3.1901e-05 sec
      iterations=10000... time=0.000156404 sec
      iterations=100000... time=0.00142489 sec
      iterations=1000000... time=0.0141877 sec
      iterations=10000000... time=0.141817 sec
      iterations=80000000... time=1.13578 sec
      result: 1.77466 nsec
    Write latency of L3 cache (for 2 PUs) (using 2*28114944 bytes):
      [skipped -- too much memory requested]
    Write bandwidth of D1 cache (for 1 PUs) (using 2*24576 bytes):
      iterations=1... time=5e-07 sec
      iterations=10... time=1.9e-06 sec
      iterations=100... time=1.57e-05 sec
      iterations=1000... time=0.000153455 sec
      iterations=10000... time=0.00154184 sec
      iterations=100000... time=0.0153402 sec
      iterations=1000000... time=0.153627 sec
      iterations=7000000... time=1.07624 sec
      result: 159.846 GByte/sec
    Write bandwidth of L2 cache (for 1 PUs) (using 2*786432 bytes):
      iterations=1... time=3.2901e-05 sec
      iterations=10... time=0.000303559 sec
      iterations=100... time=0.00303413 sec
      iterations=1000... time=0.0301625 sec
      iterations=10000... time=0.285898 sec
      iterations=40000... time=0.920671 sec
      iterations=80000... time=1.50198 sec
      result: 41.8876 GByte/sec
    Write bandwidth of L3 cache (for 2 PUs) (using 2*28114944 bytes):
      [skipped -- too much memory requested]
    Stencil code performance of D1 cache (for 1 PUs) (using 2*9^3 grid points, 2*11664 bytes):
      iterations=1... time=9.65e-06 sec
      iterations=10... time=8.6202e-05 sec
      iterations=100... time=0.000864724 sec
      iterations=1000... time=0.00863313 sec
      iterations=10000... time=0.0863527 sec
      iterations=100000... time=0.863395 sec
      iterations=200000... time=1.72957 sec
      result: 0.0842986 Gupdates/sec
    Stencil code performance of L2 cache (for 1 PUs) (using 2*29^3 grid points, 2*390224 bytes):
      iterations=1... time=0.000189805 sec
      iterations=10... time=0.0018005 sec
      iterations=100... time=0.0106211 sec
      iterations=1000... time=0.106153 sec
      iterations=10000... time=1.06475 sec
      result: 0.229059 Gupdates/sec
    Stencil code performance of L3 cache (for 2 PUs) (using 1*121^3 grid points, 1*28344976 bytes):
      [skipped -- too many MPI processes]
  Single-node measurements:
    MPI latency: 1100 nsec
    MPI bandwidth: 5.93209 GByte/sec
INFO (Vectors): Testing vectorisation... [errors may result in segfaults]
INFO (Vectors): 375/375 tests passed 
INFO (CartGrid3D): Grid Spacings:
INFO (CartGrid3D): dx=>1.1111111e-01  dy=>1.1111111e-01  dz=>1.1111111e-01
INFO (CartGrid3D): Computational Coordinates:
INFO (CartGrid3D): x=>[-0.500, 0.500]  y=>[-0.500, 0.500]  z=>[-0.500, 0.500]
INFO (CartGrid3D): Indices of Physical Coordinates:
INFO (CartGrid3D): x=>[0,9]  y=>[0,9]  z=>[0,9]
INFO (PUGH): MPI Evolution on 2 processors
INFO (PUGH): 3-dimensional grid functions
INFO (PUGH):   Size: 10 10 10
INFO (PUGH):   Processor topology: 2 x 1 x 1
INFO (PUGH):   Local load: 600   [6 x 10 x 10]
INFO (PUGH):   Maximum load skew: 0.000000
--------------------------------------------------------------------------------
Done.
+ echo Stopping:
Stopping:
+ date
Sat Jul 16 23:49:31 UTC 2022
+ echo Done.
Done.
  Elapsed time: 51.2 s
