/home/runner/simulations/TestJob01_temp_1/output-0000/TEST/sim/MemSpeed
Preparing:
+ set -e
+ cd output-0000-active
+ echo Checking:
Checking:
+ pwd
/home/runner/simulations/TestJob01_temp_1/output-0000/TEST/sim/MemSpeed/output-0000-active
+ hostname
fv-az371-755
+ date
Sun Jul 17 00:59:43 UTC 2022
+ echo Environment:
Environment:
+ export CACTUS_NUM_PROCS=1
+ CACTUS_NUM_PROCS=1
+ export CACTUS_NUM_THREADS=2
+ CACTUS_NUM_THREADS=2
+ export GMON_OUT_PREFIX=gmon.out
+ GMON_OUT_PREFIX=gmon.out
+ export OMP_NUM_THREADS=2
+ OMP_NUM_THREADS=2
+ env
+ sort
+ echo Starting:
Starting:
++ date +%s
+ export CACTUS_STARTTIME=1658019583
+ CACTUS_STARTTIME=1658019583
+ '[' 1 = 1 ']'
+ '[' 0 -eq 0 ']'
+ /home/runner/simulations/TestJob01_temp_1/SIMFACTORY/exe/cactus_sim -L 3 /home/runner/simulations/TestJob01_temp_1/output-0000/arrangements/CactusUtils/MemSpeed/test/memspeed.par
INFO (Cactus): Increased logging level from 0 to 3
--------------------------------------------------------------------------------

       10                                  
  1   0101       ************************  
  01  1010 10      The Cactus Code V4.12.0    
 1010 1101 011      www.cactuscode.org     
  1001 100101    ************************  
    00010101                               
     100011     (c) Copyright The Authors  
      0100      GNU Licensed. No Warranty  
      0101                                 
--------------------------------------------------------------------------------

Cactus version:    4.12.0
Compile date:      Jul 17 2022 (00:51:48)
Run date:          Jul 17 2022 (00:59:44+0000)
Run host:          fv-az371-755.ipdn00qvwfrujbrcphh0gwusye.dx.internal.cloudapp.net (pid=99346)
Working directory: /home/runner/simulations/TestJob01_temp_1/output-0000/TEST/sim/MemSpeed
Executable:        /home/runner/simulations/TestJob01_temp_1/SIMFACTORY/exe/cactus_sim
Parameter file:    /home/runner/simulations/TestJob01_temp_1/output-0000/arrangements/CactusUtils/MemSpeed/test/memspeed.par
--------------------------------------------------------------------------------

Activating thorn Cactus...Success -> active implementation Cactus
Activation requested for 
--->hwloc MemSpeed SystemTopology CartGrid3D CoordBase IOASCII IOUtil PUGH PUGHSlab<---
Thorn hwloc requests automatic activation of zlib
Thorn MemSpeed requests automatic activation of Vectors
Thorn MemSpeed requests automatic activation of MPI
Activating thorn CartGrid3D...Success -> active implementation grid
Activating thorn CoordBase...Success -> active implementation CoordBase
Activating thorn hwloc...Success -> active implementation hwloc
Activating thorn IOASCII...Success -> active implementation IOASCII
Activating thorn IOUtil...Success -> active implementation IO
Activating thorn MemSpeed...Success -> active implementation MemSpeed
Activating thorn MPI...Success -> active implementation MPI
Activating thorn PUGH...Success -> active implementation Driver
Activating thorn PUGHSlab...Success -> active implementation Hyperslab
Activating thorn SystemTopology...Success -> active implementation SystemTopology
Activating thorn Vectors...Success -> active implementation Vectors
Activating thorn zlib...Success -> active implementation zlib
--------------------------------------------------------------------------------
  if (recover initial data)
    Recover parameters
  endif

  Startup routines
    [CCTK_STARTUP]
      CartGrid3D::SymmetryStartup: Register GH Extension for GridSymmetry
      CoordBase::CoordBase_Startup: Register a GH extension to store the coordinate system handles
      GROUP hwloc_startup: hwloc startup group
        hwloc::hwloc_version: Output hwloc version
      SystemTopology::ST_system_topology: Output and/or modify system topology and hardware locality
      PUGH::Driver_Startup: Startup routine
      PUGH::PUGH_RegisterPUGHP2LRoutines: Register Physical to Logical process mapping routines
      PUGH::PUGH_RegisterPUGHTopologyRoutines: Register topology generation routines routines
      IOUtil::IOUtil_Startup: Startup routine
      Vectors::Vectors_Startup: Print startup message
      IOASCII::IOASCII_Startup: Startup routine

  Startup routines which need an existing grid hierarchy
    [CCTK_WRAGH]
      CartGrid3D::RegisterCartGrid3DCoords: [meta] Register coordinates for the Cartesian grid
      MemSpeed::MemSpeed_MeasureSpeed: [meta] Measure CPU, memory, cache speeds
  Parameter checking routines
    [CCTK_PARAMCHECK]
      CartGrid3D::ParamCheck_CartGrid3D: Check coordinates for CartGrid3D
      Vectors::Vectors_Test: Run correctness tests.

  Initialisation
    if (NOT (recover initial data AND recovery_mode is 'strict'))
      [CCTK_PREREGRIDINITIAL]
      Set up grid hierarchy
      [CCTK_POSTREGRIDINITIAL]
        CartGrid3D::SpatialCoordinates: Set Coordinates after regridding
      [CCTK_BASEGRID]
        CartGrid3D::SpatialSpacings: Set up ranges for spatial 3D Cartesian coordinates (on all grids)
        CartGrid3D::SpatialCoordinates: Set up spatial 3D Cartesian coordinates on the GH
        IOASCII::IOASCII_Choose1D: Choose 1D output lines
        IOASCII::IOASCII_Choose2D: Choose 2D output planes
        PUGH::PUGH_Report: Report on PUGH set up
      [CCTK_INITIAL]
      [CCTK_POSTINITIAL]
      Initialise finer grids recursively
      Restrict from finer grids
      [CCTK_POSTRESTRICTINITIAL]
      [CCTK_POSTPOSTINITIAL]
      [CCTK_POSTSTEP]
    endif
    if (recover initial data)
      [CCTK_BASEGRID]
        CartGrid3D::SpatialSpacings: Set up ranges for spatial 3D Cartesian coordinates (on all grids)
        CartGrid3D::SpatialCoordinates: Set up spatial 3D Cartesian coordinates on the GH
        IOASCII::IOASCII_Choose1D: Choose 1D output lines
        IOASCII::IOASCII_Choose2D: Choose 2D output planes
        PUGH::PUGH_Report: Report on PUGH set up
      [CCTK_RECOVER_VARIABLES]
      [CCTK_POST_RECOVER_VARIABLES]
    endif
    if (checkpoint initial data)
      [CCTK_CPINITIAL]
    endif
    if (analysis)
      [CCTK_ANALYSIS]
  endif
  Output grid variables

  do loop over timesteps
    [CCTK_PREREGRID]
    Change grid hierarchy
    [CCTK_POSTREGRID]
      CartGrid3D::SpatialCoordinates: Set Coordinates after regridding
    Rotate timelevels
    iteration = iteration+1
    t = t+dt
    [CCTK_PRESTEP]
    [CCTK_EVOL]
    Evolve finer grids recursively
    Restrict from finer grids
    [CCTK_POSTRESTRICT]
    [CCTK_POSTSTEP]
    if (checkpoint)
      [CCTK_CHECKPOINT]
    endif
    if (analysis)
      [CCTK_ANALYSIS]
    endif
    Output grid variables
    enddo

  Termination routines
    [CCTK_TERMINATE]
      PUGH::Driver_Terminate: Termination routine

  Shutdown routines
    [CCTK_SHUTDOWN]

  Routines run after changing the grid hierarchy:
    [CCTK_POSTREGRID]
      CartGrid3D::SpatialCoordinates: Set Coordinates after regridding
--------------------------------------------------------------------------------
INFO (hwloc): library version 2.1.0, API version 0x20100
INFO (SystemTopology): MPI process-to-host mapping:
This is MPI process 0 of 1
MPI hosts:
  0: fv-az371-755
This MPI process runs on host 0 of 1
On this host, this is MPI process 0 of 1
INFO (SystemTopology): Topology support:
Discovery support:
  discovery->pu                            : yes
CPU binding support:
  cpubind->set_thisproc_cpubind            : yes
  cpubind->get_thisproc_cpubind            : yes
  cpubind->set_proc_cpubind                : yes
  cpubind->get_proc_cpubind                : yes
  cpubind->set_thisthread_cpubind          : yes
  cpubind->get_thisthread_cpubind          : yes
  cpubind->set_thread_cpubind              : yes
  cpubind->get_thread_cpubind              : yes
  cpubind->get_thisproc_last_cpu_location  : yes
  cpubind->get_proc_last_cpu_location      : yes
  cpubind->get_thisthread_last_cpu_location: yes
Memory binding support:
  membind->set_thisproc_membind            : no
  membind->get_thisproc_membind            : no
  membind->set_proc_membind                : no
  membind->get_proc_membind                : no
  membind->set_thisthread_membind          : yes
  membind->get_thisthread_membind          : yes
  membind->set_area_membind                : yes
  membind->get_area_membind                : yes
  membind->alloc_membind                   : yes
  membind->firsttouch_membind              : yes
  membind->bind_membind                    : yes
  membind->interleave_membind              : yes
  membind->nexttouch_membind               : no
  membind->migrate_membind                 : yes
INFO (SystemTopology): Hardware objects in this node:
Machine L#0: (P#0, total=7113128KB, DMIProductName="Virtual Machine", DMIProductVersion=7.0, DMIProductUUID=ac7e75de-2fbc-574a-b417-2f79056b9266, DMIBoardVendor="Microsoft Corporation", DMIBoardName="Virtual Machine", DMIBoardVersion=7.0, DMIChassisVendor="Microsoft Corporation", DMIChassisType=3, DMIChassisVersion=7.0, DMIChassisAssetTag=7783-7084-3265-9085-8269-3286-77, DMIBIOSVendor="American Megatrends Inc.", DMIBIOSVersion="090008 ", DMIBIOSDate=12/07/2018, DMISysVendor="Microsoft Corporation", Backend=Linux, LinuxCgroup=/, OSName=Linux, OSRelease=5.13.0-1031-azure, OSVersion="#37~20.04.1-Ubuntu SMP Mon Jun 13 22:51:01 UTC 2022", HostName=fv-az371-755, Architecture=x86_64, hwlocVersion=2.1.0, ProcessName=cactus_sim)
  Package L#0: (P#0, total=7113128KB, CPUVendor=GenuineIntel, CPUFamilyNumber=6, CPUModelNumber=63, CPUModel="Intel(R) Xeon(R) CPU E5-2673 v3 @ 2.40GHz", CPUStepping=2)
    L3Cache L#0: (P#-1, size=30720KB, linesize=64, ways=20, Inclusive=1)
      L2Cache L#0: (P#-1, size=256KB, linesize=64, ways=8, Inclusive=0)
        L1dCache L#0: (P#-1, size=32KB, linesize=64, ways=8, Inclusive=0)
          Core L#0: (P#0)
            PU L#0: (P#0)
      L2Cache L#1: (P#-1, size=256KB, linesize=64, ways=8, Inclusive=0)
        L1dCache L#1: (P#-1, size=32KB, linesize=64, ways=8, Inclusive=0)
          Core L#1: (P#1)
            PU L#1: (P#1)
INFO (SystemTopology): Thread CPU bindings:
  MPI process 0 on host 0 (process 0 of 1 on this host)
    OpenMP thread 0: PU set L#{0-1} P#{0-1}
    OpenMP thread 1: PU set L#{0-1} P#{0-1}
INFO (SystemTopology): Setting thread CPU bindings:
INFO (SystemTopology): Thread CPU bindings:
  MPI process 0 on host 0 (process 0 of 1 on this host)
    OpenMP thread 0: PU set L#{0} P#{0}
    OpenMP thread 1: PU set L#{1} P#{1}
INFO (SystemTopology): Extracting CPU/cache/memory properties:
  There are 1 PUs per core (aka hardware SMT threads)
  There are 1 threads per core (aka SMT threads used)
  Cache (unknown name) has type "data" depth 1
    size 32768 linesize 64 associativity 8 stride 4096, for 1 PUs
  Cache (unknown name) has type "unified" depth 2
    size 262144 linesize 64 associativity 8 stride 32768, for 1 PUs
  Cache (unknown name) has type "unified" depth 3
    size 31457280 linesize 64 associativity 20 stride 1572864, for 2 PUs
INFO (PUGH): Using physical to logical mappings: direct
INFO (PUGH): Using topology generator: automatic
INFO (Vectors): Using vector size 2 for architecture SSE2 (64-bit precision)
--------------------------------------------------------------------------------
Driver provided by PUGH
--------------------------------------------------------------------------------

INFO (PUGH): Not setting up a topology for 1 dimensions
INFO (PUGH): Not setting up a topology for 2 dimensions
INFO (PUGH): Setting up a topology for 3 dimensions
INFO (IOASCII): I/O Method 'IOASCII_1D' registered: output of 1D lines of grid functions/arrays to ASCII files
INFO (IOASCII): Periodic 1D output every 1 iterations
INFO (IOASCII): Periodic 1D output requested for 'GRID::r'
INFO (IOASCII): I/O Method 'IOASCII_2D' registered: output of 2D planes of grid functions/arrays to ASCII files
INFO (IOASCII): Periodic 2D output turned off
INFO (IOASCII): I/O Method 'IOASCII_3D' registered: output of 3D grid functions/arrays to ASCII files
INFO (IOASCII): Periodic 3D output turned off
INFO (MemSpeed): Measuring CPU, cache, memory, and communication speeds:
  Single-core measurements (using 1 MPI processes with 1 OpenMP threads each):
    CPU frequency:
      iterations=1000000... time=0.00295282 sec
      iterations=10000000... time=0.0293215 sec
      iterations=100000000... time=0.291782 sec
      iterations=400000000... time=1.18422 sec
      iterations=400000000... time=0.889122 sec
      result: 2.71093 GHz
    CPU floating point performance:
      iterations=1000000... time=0.00305501 sec
      iterations=10000000... time=0.0321131 sec
      iterations=100000000... time=0.323259 sec
      iterations=300000000... time=0.981551 sec
      iterations=600000000... time=1.91132 sec
      result: 10.0454 Gflop/sec
    CPU integer performance:
      iterations=1000000... time=0.00195441 sec
      iterations=10000000... time=0.0184858 sec
      iterations=100000000... time=0.198515 sec
      iterations=600000000... time=1.20372 sec
      result: 7.97526 Giop/sec
    Read latency of D1 cache (for 1 PUs) (using 1*24576 bytes):
      iterations=1000... time=0.000149401 sec
      iterations=10000... time=0.00143821 sec
      iterations=100000... time=0.0154222 sec
      iterations=1000000... time=0.147516 sec
      iterations=7000000... time=1.03839 sec
      result: 1.48342 nsec
    Read latency of L2 cache (for 1 PUs) (using 1*196608 bytes):
      iterations=1000... time=0.000493003 sec
      iterations=10000... time=0.00491472 sec
      iterations=100000... time=0.046299 sec
      iterations=1000000... time=0.488876 sec
      iterations=2000000... time=0.974731 sec
      iterations=4000000... time=1.99266 sec
      result: 4.98165 nsec
    Read latency of L3 cache (for 2 PUs) (using 1*23592960 bytes):
      [skipped -- avoiding large-memory benchmarks]
    Read bandwidth of D1 cache (for 1 PUs) (using 1*24576 bytes):
      iterations=1... time=7e-07 sec
      iterations=10... time=3.2e-06 sec
      iterations=100... time=2.99e-05 sec
      iterations=1000... time=0.000306802 sec
      iterations=10000... time=0.00304991 sec
      iterations=100000... time=0.0332973 sec
      iterations=1000000... time=0.315191 sec
      iterations=3000000... time=0.898313 sec
      iterations=6000000... time=1.8446 sec
      result: 79.9395 GByte/sec
    Read bandwidth of L2 cache (for 1 PUs) (using 1*196608 bytes):
      iterations=1... time=6.8e-06 sec
      iterations=10... time=4.48e-05 sec
      iterations=100... time=0.000427403 sec
      iterations=1000... time=0.00432052 sec
      iterations=10000... time=0.0431067 sec
      iterations=100000... time=0.436802 sec
      iterations=300000... time=1.32468 sec
      result: 44.5258 GByte/sec
    Read bandwidth of L3 cache (for 2 PUs) (using 1*23592960 bytes):
      [skipped -- avoiding large-memory benchmarks]
    Write latency of D1 cache (for 1 PUs) (using 1*24576 bytes):
      iterations=1000... time=3.7e-06 sec
      iterations=10000... time=3.05e-05 sec
      iterations=100000... time=0.000297901 sec
      iterations=1000000... time=0.00297722 sec
      iterations=10000000... time=0.031728 sec
      iterations=100000000... time=0.300541 sec
      iterations=400000000... time=1.18986 sec
      result: 0.371832 nsec
    Write latency of L2 cache (for 1 PUs) (using 1*196608 bytes):
      iterations=1000... time=1.94e-05 sec
      iterations=10000... time=0.000168301 sec
      iterations=100000... time=0.00181681 sec
      iterations=1000000... time=0.0178905 sec
      iterations=10000000... time=0.179147 sec
      iterations=60000000... time=1.09999 sec
      result: 2.29164 nsec
    Write latency of L3 cache (for 2 PUs) (using 1*23592960 bytes):
      [skipped -- avoiding large-memory benchmarks]
    Write bandwidth of D1 cache (for 1 PUs) (using 1*24576 bytes):
      iterations=1... time=6e-07 sec
      iterations=10... time=3.401e-06 sec
      iterations=100... time=3.11e-05 sec
      iterations=1000... time=0.000318201 sec
      iterations=10000... time=0.00323162 sec
      iterations=100000... time=0.0305902 sec
      iterations=1000000... time=0.323497 sec
      iterations=3000000... time=0.951838 sec
      iterations=6000000... time=1.91257 sec
      result: 77.0982 GByte/sec
    Write bandwidth of L2 cache (for 1 PUs) (using 1*196608 bytes):
      iterations=1... time=7.9e-06 sec
      iterations=10... time=7.8801e-05 sec
      iterations=100... time=0.000875304 sec
      iterations=1000... time=0.00834224 sec
      iterations=10000... time=0.0871877 sec
      iterations=100000... time=0.882892 sec
      iterations=200000... time=1.65915 sec
      result: 23.6998 GByte/sec
    Write bandwidth of L3 cache (for 2 PUs) (using 1*23592960 bytes):
      [skipped -- avoiding large-memory benchmarks]
    Stencil code performance of D1 cache (for 1 PUs) (using 1*12^3 grid points, 1*27648 bytes):
      iterations=1... time=1.38e-05 sec
      iterations=10... time=0.000194501 sec
      iterations=100... time=0.00222641 sec
      iterations=1000... time=0.0200751 sec
      iterations=10000... time=0.212162 sec
      iterations=50000... time=1.04896 sec
      result: 0.0823676 Gupdates/sec
    Stencil code performance of L2 cache (for 1 PUs) (using 1*23^3 grid points, 1*194672 bytes):
      iterations=1... time=2.59e-05 sec
      iterations=10... time=0.000703804 sec
      iterations=100... time=0.0152324 sec
      iterations=1000... time=0.0922028 sec
      iterations=10000... time=0.740067 sec
      iterations=20000... time=1.48962 sec
      result: 0.163357 Gupdates/sec
    Stencil code performance of L3 cache (for 2 PUs) (using 1*114^3 grid points, 1*23704704 bytes):
      iterations=1... time=0.00402932 sec
      iterations=10... time=0.0404812 sec
      iterations=100... time=0.416563 sec
      iterations=300... time=1.25781 sec
      result: 0.353362 Gupdates/sec
  Single-node measurements (using 1 MPI processes with 2 OpenMP threads each):
    CPU frequency:
      iterations=1000000... time=0.00338262 sec
      iterations=10000000... time=0.0323712 sec
      iterations=100000000... time=0.312733 sec
      iterations=400000000... time=1.23759 sec
      iterations=400000000... time=0.938994 sec
      result: 2.67921 GHz
    CPU floating point performance:
      iterations=1000000... time=0.00340237 sec
      iterations=10000000... time=0.0326825 sec
      iterations=100000000... time=0.334351 sec
      iterations=300000000... time=1.0104 sec
      result: 9.50119 Gflop/sec
    CPU integer performance:
      iterations=1000000... time=0.00205051 sec
      iterations=10000000... time=0.0211507 sec
      iterations=100000000... time=0.211463 sec
      iterations=500000000... time=1.03489 sec
      result: 7.73028 Giop/sec
    Read latency of D1 cache (for 1 PUs) (using 2*24576 bytes):
      iterations=1000... time=0.0001459 sec
      iterations=10000... time=0.00143231 sec
      iterations=100000... time=0.0157313 sec
      iterations=1000000... time=0.1545 sec
      iterations=7000000... time=1.07777 sec
      result: 1.53967 nsec
    Read latency of L2 cache (for 1 PUs) (using 2*196608 bytes):
      iterations=1000... time=0.000535903 sec
      iterations=10000... time=0.00502292 sec
      iterations=100000... time=0.0499155 sec
      iterations=1000000... time=0.496006 sec
      iterations=2000000... time=1.01542 sec
      result: 5.07708 nsec
    Read latency of L3 cache (for 2 PUs) (using 1*23592960 bytes):
      [skipped -- avoiding large-memory benchmarks]
    Read bandwidth of D1 cache (for 1 PUs) (using 2*24576 bytes):
      iterations=1... time=6.5e-07 sec
      iterations=10... time=3.2e-06 sec
      iterations=100... time=2.965e-05 sec
      iterations=1000... time=0.000294051 sec
      iterations=10000... time=0.00295016 sec
      iterations=100000... time=0.0299252 sec
      iterations=1000000... time=0.331496 sec
      iterations=3000000... time=0.929219 sec
      iterations=6000000... time=1.86446 sec
      result: 79.0879 GByte/sec
    Read bandwidth of L2 cache (for 1 PUs) (using 2*196608 bytes):
      iterations=1... time=6.75e-06 sec
      iterations=10... time=4.9051e-05 sec
      iterations=100... time=0.000484252 sec
      iterations=1000... time=0.00486002 sec
      iterations=10000... time=0.0494059 sec
      iterations=100000... time=0.49333 sec
      iterations=200000... time=1.00932 sec
      result: 38.9584 GByte/sec
    Read bandwidth of L3 cache (for 2 PUs) (using 1*23592960 bytes):
      [skipped -- avoiding large-memory benchmarks]
    Write latency of D1 cache (for 1 PUs) (using 2*24576 bytes):
      iterations=1000... time=3.75e-06 sec
      iterations=10000... time=3e-05 sec
      iterations=100000... time=0.000297201 sec
      iterations=1000000... time=0.00302586 sec
      iterations=10000000... time=0.030275 sec
      iterations=100000000... time=0.308083 sec
      iterations=400000000... time=1.24144 sec
      result: 0.38795 nsec
    Write latency of L2 cache (for 1 PUs) (using 2*196608 bytes):
      iterations=1000... time=2.065e-05 sec
      iterations=10000... time=0.000181001 sec
      iterations=100000... time=0.00180416 sec
      iterations=1000000... time=0.0182251 sec
      iterations=10000000... time=0.185624 sec
      iterations=60000000... time=1.12734 sec
      result: 2.34862 nsec
    Write latency of L3 cache (for 2 PUs) (using 1*23592960 bytes):
      [skipped -- avoiding large-memory benchmarks]
    Write bandwidth of D1 cache (for 1 PUs) (using 2*24576 bytes):
      iterations=1... time=7e-07 sec
      iterations=10... time=3.5e-06 sec
      iterations=100... time=3.125e-05 sec
      iterations=1000... time=0.000309401 sec
      iterations=10000... time=0.00310502 sec
      iterations=100000... time=0.0318198 sec
      iterations=1000000... time=0.329726 sec
      iterations=3000000... time=0.98054 sec
      iterations=6000000... time=1.92234 sec
      result: 76.7067 GByte/sec
    Write bandwidth of L2 cache (for 1 PUs) (using 2*196608 bytes):
      iterations=1... time=8.2e-06 sec
      iterations=10... time=9.48005e-05 sec
      iterations=100... time=0.000846504 sec
      iterations=1000... time=0.00852539 sec
      iterations=10000... time=0.0859171 sec
      iterations=100000... time=0.845208 sec
      iterations=200000... time=1.69264 sec
      result: 23.2309 GByte/sec
    Write bandwidth of L3 cache (for 2 PUs) (using 1*23592960 bytes):
      [skipped -- avoiding large-memory benchmarks]
    Stencil code performance of D1 cache (for 1 PUs) (using 2*9^3 grid points, 2*11664 bytes):
      iterations=1... time=2.8e-06 sec
      iterations=10... time=2.55e-05 sec
      iterations=100... time=0.000242701 sec
      iterations=1000... time=0.00245291 sec
      iterations=10000... time=0.0256555 sec
      iterations=100000... time=0.257233 sec
      iterations=400000... time=1.06079 sec
      result: 0.274889 Gupdates/sec
    Stencil code performance of L2 cache (for 1 PUs) (using 2*18^3 grid points, 2*93312 bytes):
      iterations=1... time=1.09005e-05 sec
      iterations=10... time=0.000112251 sec
      iterations=100... time=0.00113051 sec
      iterations=1000... time=0.0116884 sec
      iterations=10000... time=0.127842 sec
      iterations=90000... time=1.0904 sec
      result: 0.481365 Gupdates/sec
    Stencil code performance of L3 cache (for 2 PUs) (using 1*114^3 grid points, 1*23704704 bytes):
      iterations=1... time=0.0010141 sec
      iterations=10... time=0.0103603 sec
      iterations=100... time=0.108206 sec
      iterations=1000... time=1.08845 sec
      result: 1.36115 Gupdates/sec
INFO (Vectors): Testing vectorisation... [errors may result in segfaults]
INFO (Vectors): 375/375 tests passed 
INFO (CartGrid3D): Grid Spacings:
INFO (CartGrid3D): dx=>1.1111111e-01  dy=>1.1111111e-01  dz=>1.1111111e-01
INFO (CartGrid3D): Computational Coordinates:
INFO (CartGrid3D): x=>[-0.500, 0.500]  y=>[-0.500, 0.500]  z=>[-0.500, 0.500]
INFO (CartGrid3D): Indices of Physical Coordinates:
INFO (CartGrid3D): x=>[0,9]  y=>[0,9]  z=>[0,9]
INFO (PUGH): MPI Evolution on 1 processors
INFO (PUGH): 3-dimensional grid functions
INFO (PUGH):   Size: 10 10 10
INFO (PUGH):   Processor topology: 1 x 1 x 1
INFO (PUGH):   Local load: 1000   [10 x 10 x 10]
INFO (PUGH):   Maximum load skew: 0.000000
--------------------------------------------------------------------------------
Done.
+ echo Stopping:
Stopping:
+ date
Sun Jul 17 01:00:44 UTC 2022
+ echo Done.
Done.
  Elapsed time: 61.0 s
